{"D:\\Claude Code\\mafia-game\\server\\config.js": {"path":"D:\\Claude Code\\mafia-game\\server\\config.js","statementMap":{"0":{"start":{"line":3,"column":15},"end":{"line":71,"column":1}},"1":{"start":{"line":73,"column":0},"end":{"line":73,"column":24}}},"fnMap":{},"branchMap":{"0":{"loc":{"start":{"line":4,"column":8},"end":{"line":4,"column":32}},"type":"binary-expr","locations":[{"start":{"line":4,"column":8},"end":{"line":4,"column":24}},{"start":{"line":4,"column":28},"end":{"line":4,"column":32}}],"line":4}},"s":{"0":3,"1":3},"f":{},"b":{"0":[3,3]},"_coverageSchema":"1a1c01bbd47fc00a2c39e90264f33305004495a9","hash":"059d933f8d5fc52c282ce2692864f662f04a2367"}
,"D:\\Claude Code\\mafia-game\\server\\logger.js": {"path":"D:\\Claude Code\\mafia-game\\server\\logger.js","statementMap":{"0":{"start":{"line":3,"column":13},"end":{"line":3,"column":28}},"1":{"start":{"line":5,"column":15},"end":{"line":11,"column":2}},"2":{"start":{"line":13,"column":0},"end":{"line":13,"column":24}}},"fnMap":{},"branchMap":{"0":{"loc":{"start":{"line":6,"column":9},"end":{"line":6,"column":40}},"type":"binary-expr","locations":[{"start":{"line":6,"column":9},"end":{"line":6,"column":30}},{"start":{"line":6,"column":34},"end":{"line":6,"column":40}}],"line":6},"1":{"loc":{"start":{"line":7,"column":13},"end":{"line":10,"column":15}},"type":"cond-expr","locations":[{"start":{"line":7,"column":53},"end":{"line":10,"column":3}},{"start":{"line":10,"column":6},"end":{"line":10,"column":15}}],"line":7}},"s":{"0":3,"1":3,"2":3},"f":{},"b":{"0":[3,3],"1":[3,0]},"_coverageSchema":"1a1c01bbd47fc00a2c39e90264f33305004495a9","hash":"25ab53704914fc1f63ba3baca2c6d00de3f8c901"}
,"D:\\Claude Code\\mafia-game\\server\\game\\GameRoom.js": {"path":"D:\\Claude Code\\mafia-game\\server\\game\\GameRoom.js","statementMap":{"0":{"start":{"line":3,"column":23},"end":{"line":3,"column":38}},"1":{"start":{"line":4,"column":15},"end":{"line":4,"column":32}},"2":{"start":{"line":5,"column":15},"end":{"line":5,"column":35}},"3":{"start":{"line":6,"column":15},"end":{"line":6,"column":35}},"4":{"start":{"line":7,"column":27},"end":{"line":7,"column":45}},"5":{"start":{"line":10,"column":14},"end":{"line":10,"column":23}},"6":{"start":{"line":14,"column":28},"end":{"line":14,"column":37}},"7":{"start":{"line":18,"column":30},"end":{"line":18,"column":39}},"8":{"start":{"line":26,"column":17},"end":{"line":26,"column":55}},"9":{"start":{"line":27,"column":15},"end":{"line":52,"column":3}},"10":{"start":{"line":53,"column":2},"end":{"line":53,"column":26}},"11":{"start":{"line":54,"column":2},"end":{"line":54,"column":14}},"12":{"start":{"line":63,"column":2},"end":{"line":63,"column":27}},"13":{"start":{"line":71,"column":15},"end":{"line":71,"column":32}},"14":{"start":{"line":72,"column":2},"end":{"line":92,"column":3}},"15":{"start":{"line":74,"column":4},"end":{"line":77,"column":5}},"16":{"start":{"line":75,"column":6},"end":{"line":75,"column":48}},"17":{"start":{"line":75,"column":31},"end":{"line":75,"column":46}},"18":{"start":{"line":76,"column":6},"end":{"line":76,"column":23}},"19":{"start":{"line":79,"column":4},"end":{"line":84,"column":5}},"20":{"start":{"line":80,"column":6},"end":{"line":83,"column":7}},"21":{"start":{"line":81,"column":8},"end":{"line":81,"column":53}},"22":{"start":{"line":81,"column":26},"end":{"line":81,"column":53}},"23":{"start":{"line":82,"column":8},"end":{"line":82,"column":40}},"24":{"start":{"line":86,"column":4},"end":{"line":91,"column":5}},"25":{"start":{"line":87,"column":6},"end":{"line":90,"column":7}},"26":{"start":{"line":88,"column":8},"end":{"line":88,"column":30}},"27":{"start":{"line":89,"column":8},"end":{"line":89,"column":42}},"28":{"start":{"line":93,"column":2},"end":{"line":93,"column":23}},"29":{"start":{"line":101,"column":2},"end":{"line":101,"column":15}},"30":{"start":{"line":109,"column":2},"end":{"line":109,"column":45}},"31":{"start":{"line":109,"column":12},"end":{"line":109,"column":45}},"32":{"start":{"line":119,"column":14},"end":{"line":119,"column":40}},"33":{"start":{"line":122,"column":19},"end":{"line":122,"column":47}},"34":{"start":{"line":123,"column":2},"end":{"line":125,"column":3}},"35":{"start":{"line":124,"column":4},"end":{"line":124,"column":35}},"36":{"start":{"line":128,"column":18},"end":{"line":131,"column":33}},"37":{"start":{"line":129,"column":4},"end":{"line":129,"column":36}},"38":{"start":{"line":130,"column":4},"end":{"line":130,"column":68}},"39":{"start":{"line":133,"column":2},"end":{"line":138,"column":5}},"40":{"start":{"line":140,"column":2},"end":{"line":140,"column":127}},"41":{"start":{"line":150,"column":14},"end":{"line":150,"column":39}},"42":{"start":{"line":151,"column":15},"end":{"line":151,"column":43}},"43":{"start":{"line":152,"column":2},"end":{"line":156,"column":3}},"44":{"start":{"line":153,"column":4},"end":{"line":153,"column":49}},"45":{"start":{"line":153,"column":22},"end":{"line":153,"column":49}},"46":{"start":{"line":154,"column":4},"end":{"line":154,"column":36}},"47":{"start":{"line":155,"column":4},"end":{"line":155,"column":16}},"48":{"start":{"line":157,"column":2},"end":{"line":157,"column":14}},"49":{"start":{"line":165,"column":14},"end":{"line":165,"column":24}},"50":{"start":{"line":166,"column":2},"end":{"line":198,"column":3}},"51":{"start":{"line":168,"column":25},"end":{"line":168,"column":59}},"52":{"start":{"line":168,"column":50},"end":{"line":168,"column":58}},"53":{"start":{"line":169,"column":20},"end":{"line":169,"column":71}},"54":{"start":{"line":170,"column":20},"end":{"line":170,"column":72}},"55":{"start":{"line":173,"column":4},"end":{"line":177,"column":5}},"56":{"start":{"line":174,"column":6},"end":{"line":174,"column":121}},"57":{"start":{"line":175,"column":6},"end":{"line":175,"column":21}},"58":{"start":{"line":176,"column":6},"end":{"line":176,"column":15}},"59":{"start":{"line":180,"column":4},"end":{"line":184,"column":5}},"60":{"start":{"line":181,"column":6},"end":{"line":181,"column":63}},"61":{"start":{"line":182,"column":6},"end":{"line":182,"column":21}},"62":{"start":{"line":183,"column":6},"end":{"line":183,"column":15}},"63":{"start":{"line":187,"column":4},"end":{"line":197,"column":5}},"64":{"start":{"line":188,"column":6},"end":{"line":188,"column":112}},"65":{"start":{"line":189,"column":6},"end":{"line":195,"column":7}},"66":{"start":{"line":190,"column":8},"end":{"line":194,"column":11}},"67":{"start":{"line":196,"column":6},"end":{"line":196,"column":21}},"68":{"start":{"line":202,"column":22},"end":{"line":202,"column":26}},"69":{"start":{"line":208,"column":2},"end":{"line":208,"column":54}},"70":{"start":{"line":208,"column":23},"end":{"line":208,"column":54}},"71":{"start":{"line":209,"column":2},"end":{"line":209,"column":89}},"72":{"start":{"line":209,"column":38},"end":{"line":209,"column":54}},"73":{"start":{"line":219,"column":2},"end":{"line":221,"column":3}},"74":{"start":{"line":220,"column":4},"end":{"line":220,"column":30}},"75":{"start":{"line":222,"column":2},"end":{"line":222,"column":17}},"76":{"start":{"line":232,"column":2},"end":{"line":232,"column":105}},"77":{"start":{"line":232,"column":92},"end":{"line":232,"column":105}},"78":{"start":{"line":234,"column":23},"end":{"line":234,"column":43}},"79":{"start":{"line":235,"column":2},"end":{"line":235,"column":46}},"80":{"start":{"line":235,"column":33},"end":{"line":235,"column":46}},"81":{"start":{"line":238,"column":26},"end":{"line":238,"column":27}},"82":{"start":{"line":239,"column":2},"end":{"line":242,"column":3}},"83":{"start":{"line":240,"column":16},"end":{"line":240,"column":38}},"84":{"start":{"line":241,"column":4},"end":{"line":241,"column":58}},"85":{"start":{"line":241,"column":38},"end":{"line":241,"column":58}},"86":{"start":{"line":244,"column":2},"end":{"line":256,"column":3}},"87":{"start":{"line":245,"column":4},"end":{"line":245,"column":34}},"88":{"start":{"line":246,"column":4},"end":{"line":246,"column":26}},"89":{"start":{"line":247,"column":4},"end":{"line":253,"column":5}},"90":{"start":{"line":248,"column":6},"end":{"line":251,"column":9}},"91":{"start":{"line":252,"column":6},"end":{"line":252,"column":133}},"92":{"start":{"line":254,"column":4},"end":{"line":254,"column":132}},"93":{"start":{"line":255,"column":4},"end":{"line":255,"column":16}},"94":{"start":{"line":257,"column":2},"end":{"line":257,"column":15}},"95":{"start":{"line":266,"column":2},"end":{"line":266,"column":68}},"96":{"start":{"line":266,"column":61},"end":{"line":266,"column":68}},"97":{"start":{"line":267,"column":2},"end":{"line":267,"column":32}},"98":{"start":{"line":268,"column":2},"end":{"line":268,"column":26}},"99":{"start":{"line":269,"column":2},"end":{"line":272,"column":3}},"100":{"start":{"line":270,"column":4},"end":{"line":270,"column":82}},"101":{"start":{"line":271,"column":4},"end":{"line":271,"column":63}},"102":{"start":{"line":273,"column":2},"end":{"line":273,"column":56}},"103":{"start":{"line":284,"column":2},"end":{"line":291,"column":3}},"104":{"start":{"line":285,"column":4},"end":{"line":285,"column":39}},"105":{"start":{"line":287,"column":4},"end":{"line":287,"column":45}},"106":{"start":{"line":288,"column":4},"end":{"line":290,"column":5}},"107":{"start":{"line":289,"column":6},"end":{"line":289,"column":33}},"108":{"start":{"line":300,"column":2},"end":{"line":300,"column":60}},"109":{"start":{"line":300,"column":53},"end":{"line":300,"column":60}},"110":{"start":{"line":301,"column":16},"end":{"line":301,"column":44}},"111":{"start":{"line":302,"column":2},"end":{"line":304,"column":5}},"112":{"start":{"line":303,"column":4},"end":{"line":303,"column":39}},"113":{"start":{"line":313,"column":45},"end":{"line":313,"column":46}},"114":{"start":{"line":314,"column":2},"end":{"line":314,"column":15}},"115":{"start":{"line":319,"column":11},"end":{"line":319,"column":24}},"116":{"start":{"line":320,"column":13},"end":{"line":320,"column":28}},"117":{"start":{"line":321,"column":19},"end":{"line":321,"column":79}},"118":{"start":{"line":329,"column":2},"end":{"line":353,"column":3}},"119":{"start":{"line":330,"column":16},"end":{"line":330,"column":40}},"120":{"start":{"line":331,"column":4},"end":{"line":331,"column":68}},"121":{"start":{"line":331,"column":29},"end":{"line":331,"column":68}},"122":{"start":{"line":333,"column":21},"end":{"line":333,"column":23}},"123":{"start":{"line":334,"column":4},"end":{"line":348,"column":5}},"124":{"start":{"line":335,"column":6},"end":{"line":335,"column":43}},"125":{"start":{"line":335,"column":34},"end":{"line":335,"column":43}},"126":{"start":{"line":336,"column":6},"end":{"line":347,"column":9}},"127":{"start":{"line":341,"column":40},"end":{"line":341,"column":114}},"128":{"start":{"line":349,"column":4},"end":{"line":349,"column":68}},"129":{"start":{"line":350,"column":4},"end":{"line":350,"column":67}},"130":{"start":{"line":352,"column":4},"end":{"line":352,"column":70}},"131":{"start":{"line":356,"column":0},"end":{"line":376,"column":2}}},"fnMap":{"0":{"name":"createRoom","decl":{"start":{"line":25,"column":9},"end":{"line":25,"column":19}},"loc":{"start":{"line":25,"column":30},"end":{"line":55,"column":1}},"line":25},"1":{"name":"getRoom","decl":{"start":{"line":62,"column":9},"end":{"line":62,"column":16}},"loc":{"start":{"line":62,"column":25},"end":{"line":64,"column":1}},"line":62},"2":{"name":"deleteRoom","decl":{"start":{"line":70,"column":9},"end":{"line":70,"column":19}},"loc":{"start":{"line":70,"column":28},"end":{"line":94,"column":1}},"line":70},"3":{"name":"(anonymous_3)","decl":{"start":{"line":75,"column":26},"end":{"line":75,"column":27}},"loc":{"start":{"line":75,"column":31},"end":{"line":75,"column":46}},"line":75},"4":{"name":"getAllRooms","decl":{"start":{"line":100,"column":9},"end":{"line":100,"column":20}},"loc":{"start":{"line":100,"column":23},"end":{"line":102,"column":1}},"line":100},"5":{"name":"touchRoom","decl":{"start":{"line":108,"column":9},"end":{"line":108,"column":18}},"loc":{"start":{"line":108,"column":25},"end":{"line":110,"column":1}},"line":108},"6":{"name":"saveDisconnectedPlayer","decl":{"start":{"line":118,"column":9},"end":{"line":118,"column":31}},"loc":{"start":{"line":118,"column":61},"end":{"line":141,"column":1}},"line":118},"7":{"name":"(anonymous_7)","decl":{"start":{"line":128,"column":29},"end":{"line":128,"column":30}},"loc":{"start":{"line":128,"column":35},"end":{"line":131,"column":3}},"line":128},"8":{"name":"tryReconnect","decl":{"start":{"line":149,"column":9},"end":{"line":149,"column":21}},"loc":{"start":{"line":149,"column":42},"end":{"line":158,"column":1}},"line":149},"9":{"name":"cleanupRooms","decl":{"start":{"line":164,"column":9},"end":{"line":164,"column":21}},"loc":{"start":{"line":164,"column":26},"end":{"line":199,"column":1}},"line":164},"10":{"name":"(anonymous_10)","decl":{"start":{"line":168,"column":45},"end":{"line":168,"column":46}},"loc":{"start":{"line":168,"column":50},"end":{"line":168,"column":58}},"line":168},"11":{"name":"startCleanupTimer","decl":{"start":{"line":207,"column":9},"end":{"line":207,"column":26}},"loc":{"start":{"line":207,"column":31},"end":{"line":210,"column":1}},"line":207},"12":{"name":"(anonymous_12)","decl":{"start":{"line":209,"column":32},"end":{"line":209,"column":33}},"loc":{"start":{"line":209,"column":38},"end":{"line":209,"column":54}},"line":209},"13":{"name":"addRoomTimer","decl":{"start":{"line":218,"column":9},"end":{"line":218,"column":21}},"loc":{"start":{"line":218,"column":37},"end":{"line":223,"column":1}},"line":218},"14":{"name":"checkMassDisconnect","decl":{"start":{"line":231,"column":9},"end":{"line":231,"column":28}},"loc":{"start":{"line":231,"column":39},"end":{"line":258,"column":1}},"line":231},"15":{"name":"resumeGame","decl":{"start":{"line":265,"column":9},"end":{"line":265,"column":19}},"loc":{"start":{"line":265,"column":30},"end":{"line":274,"column":1}},"line":265},"16":{"name":"emitToHost","decl":{"start":{"line":283,"column":9},"end":{"line":283,"column":19}},"loc":{"start":{"line":283,"column":43},"end":{"line":292,"column":1}},"line":283},"17":{"name":"replayNarratorQueue","decl":{"start":{"line":299,"column":9},"end":{"line":299,"column":28}},"loc":{"start":{"line":299,"column":39},"end":{"line":305,"column":1}},"line":299},"18":{"name":"(anonymous_18)","decl":{"start":{"line":302,"column":16},"end":{"line":302,"column":17}},"loc":{"start":{"line":302,"column":37},"end":{"line":304,"column":3}},"line":302},"19":{"name":"stripPrivateFields","decl":{"start":{"line":312,"column":9},"end":{"line":312,"column":27}},"loc":{"start":{"line":312,"column":31},"end":{"line":315,"column":1}},"line":312},"20":{"name":"saveState","decl":{"start":{"line":328,"column":9},"end":{"line":328,"column":18}},"loc":{"start":{"line":328,"column":21},"end":{"line":354,"column":1}},"line":328},"21":{"name":"(anonymous_21)","decl":{"start":{"line":341,"column":34},"end":{"line":341,"column":35}},"loc":{"start":{"line":341,"column":40},"end":{"line":341,"column":114}},"line":341}},"branchMap":{"0":{"loc":{"start":{"line":72,"column":2},"end":{"line":92,"column":3}},"type":"if","locations":[{"start":{"line":72,"column":2},"end":{"line":92,"column":3}},{"start":{},"end":{}}],"line":72},"1":{"loc":{"start":{"line":74,"column":4},"end":{"line":77,"column":5}},"type":"if","locations":[{"start":{"line":74,"column":4},"end":{"line":77,"column":5}},{"start":{},"end":{}}],"line":74},"2":{"loc":{"start":{"line":80,"column":6},"end":{"line":83,"column":7}},"type":"if","locations":[{"start":{"line":80,"column":6},"end":{"line":83,"column":7}},{"start":{},"end":{}}],"line":80},"3":{"loc":{"start":{"line":81,"column":8},"end":{"line":81,"column":53}},"type":"if","locations":[{"start":{"line":81,"column":8},"end":{"line":81,"column":53}},{"start":{},"end":{}}],"line":81},"4":{"loc":{"start":{"line":87,"column":6},"end":{"line":90,"column":7}},"type":"if","locations":[{"start":{"line":87,"column":6},"end":{"line":90,"column":7}},{"start":{},"end":{}}],"line":87},"5":{"loc":{"start":{"line":109,"column":2},"end":{"line":109,"column":45}},"type":"if","locations":[{"start":{"line":109,"column":2},"end":{"line":109,"column":45}},{"start":{},"end":{}}],"line":109},"6":{"loc":{"start":{"line":123,"column":2},"end":{"line":125,"column":3}},"type":"if","locations":[{"start":{"line":123,"column":2},"end":{"line":125,"column":3}},{"start":{},"end":{}}],"line":123},"7":{"loc":{"start":{"line":123,"column":6},"end":{"line":123,"column":34}},"type":"binary-expr","locations":[{"start":{"line":123,"column":6},"end":{"line":123,"column":14}},{"start":{"line":123,"column":18},"end":{"line":123,"column":34}}],"line":123},"8":{"loc":{"start":{"line":152,"column":2},"end":{"line":156,"column":3}},"type":"if","locations":[{"start":{"line":152,"column":2},"end":{"line":156,"column":3}},{"start":{},"end":{}}],"line":152},"9":{"loc":{"start":{"line":153,"column":4},"end":{"line":153,"column":49}},"type":"if","locations":[{"start":{"line":153,"column":4},"end":{"line":153,"column":49}},{"start":{},"end":{}}],"line":153},"10":{"loc":{"start":{"line":169,"column":20},"end":{"line":169,"column":71}},"type":"binary-expr","locations":[{"start":{"line":169,"column":20},"end":{"line":169,"column":45}},{"start":{"line":169,"column":49},"end":{"line":169,"column":71}}],"line":169},"11":{"loc":{"start":{"line":173,"column":4},"end":{"line":177,"column":5}},"type":"if","locations":[{"start":{"line":173,"column":4},"end":{"line":177,"column":5}},{"start":{},"end":{}}],"line":173},"12":{"loc":{"start":{"line":173,"column":8},"end":{"line":173,"column":26}},"type":"binary-expr","locations":[{"start":{"line":173,"column":8},"end":{"line":173,"column":15}},{"start":{"line":173,"column":19},"end":{"line":173,"column":26}}],"line":173},"13":{"loc":{"start":{"line":180,"column":4},"end":{"line":184,"column":5}},"type":"if","locations":[{"start":{"line":180,"column":4},"end":{"line":184,"column":5}},{"start":{},"end":{}}],"line":180},"14":{"loc":{"start":{"line":180,"column":8},"end":{"line":180,"column":55}},"type":"binary-expr","locations":[{"start":{"line":180,"column":8},"end":{"line":180,"column":30}},{"start":{"line":180,"column":34},"end":{"line":180,"column":44}},{"start":{"line":180,"column":48},"end":{"line":180,"column":55}}],"line":180},"15":{"loc":{"start":{"line":187,"column":4},"end":{"line":197,"column":5}},"type":"if","locations":[{"start":{"line":187,"column":4},"end":{"line":197,"column":5}},{"start":{},"end":{}}],"line":187},"16":{"loc":{"start":{"line":189,"column":6},"end":{"line":195,"column":7}},"type":"if","locations":[{"start":{"line":189,"column":6},"end":{"line":195,"column":7}},{"start":{},"end":{}}],"line":189},"17":{"loc":{"start":{"line":208,"column":2},"end":{"line":208,"column":54}},"type":"if","locations":[{"start":{"line":208,"column":2},"end":{"line":208,"column":54}},{"start":{},"end":{}}],"line":208},"18":{"loc":{"start":{"line":219,"column":2},"end":{"line":221,"column":3}},"type":"if","locations":[{"start":{"line":219,"column":2},"end":{"line":221,"column":3}},{"start":{},"end":{}}],"line":219},"19":{"loc":{"start":{"line":219,"column":6},"end":{"line":219,"column":25}},"type":"binary-expr","locations":[{"start":{"line":219,"column":6},"end":{"line":219,"column":10}},{"start":{"line":219,"column":14},"end":{"line":219,"column":25}}],"line":219},"20":{"loc":{"start":{"line":232,"column":2},"end":{"line":232,"column":105}},"type":"if","locations":[{"start":{"line":232,"column":2},"end":{"line":232,"column":105}},{"start":{},"end":{}}],"line":232},"21":{"loc":{"start":{"line":232,"column":6},"end":{"line":232,"column":90}},"type":"binary-expr","locations":[{"start":{"line":232,"column":6},"end":{"line":232,"column":11}},{"start":{"line":232,"column":15},"end":{"line":232,"column":37}},{"start":{"line":232,"column":41},"end":{"line":232,"column":63}},{"start":{"line":232,"column":67},"end":{"line":232,"column":90}}],"line":232},"22":{"loc":{"start":{"line":235,"column":2},"end":{"line":235,"column":46}},"type":"if","locations":[{"start":{"line":235,"column":2},"end":{"line":235,"column":46}},{"start":{},"end":{}}],"line":235},"23":{"loc":{"start":{"line":241,"column":4},"end":{"line":241,"column":58}},"type":"if","locations":[{"start":{"line":241,"column":4},"end":{"line":241,"column":58}},{"start":{},"end":{}}],"line":241},"24":{"loc":{"start":{"line":244,"column":2},"end":{"line":256,"column":3}},"type":"if","locations":[{"start":{"line":244,"column":2},"end":{"line":256,"column":3}},{"start":{},"end":{}}],"line":244},"25":{"loc":{"start":{"line":247,"column":4},"end":{"line":253,"column":5}},"type":"if","locations":[{"start":{"line":247,"column":4},"end":{"line":253,"column":5}},{"start":{},"end":{}}],"line":247},"26":{"loc":{"start":{"line":266,"column":2},"end":{"line":266,"column":68}},"type":"if","locations":[{"start":{"line":266,"column":2},"end":{"line":266,"column":68}},{"start":{},"end":{}}],"line":266},"27":{"loc":{"start":{"line":266,"column":6},"end":{"line":266,"column":59}},"type":"binary-expr","locations":[{"start":{"line":266,"column":6},"end":{"line":266,"column":11}},{"start":{"line":266,"column":15},"end":{"line":266,"column":38}},{"start":{"line":266,"column":42},"end":{"line":266,"column":59}}],"line":266},"28":{"loc":{"start":{"line":269,"column":2},"end":{"line":272,"column":3}},"type":"if","locations":[{"start":{"line":269,"column":2},"end":{"line":272,"column":3}},{"start":{},"end":{}}],"line":269},"29":{"loc":{"start":{"line":284,"column":2},"end":{"line":291,"column":3}},"type":"if","locations":[{"start":{"line":284,"column":2},"end":{"line":291,"column":3}},{"start":{"line":286,"column":9},"end":{"line":291,"column":3}}],"line":284},"30":{"loc":{"start":{"line":288,"column":4},"end":{"line":290,"column":5}},"type":"if","locations":[{"start":{"line":288,"column":4},"end":{"line":290,"column":5}},{"start":{},"end":{}}],"line":288},"31":{"loc":{"start":{"line":300,"column":2},"end":{"line":300,"column":60}},"type":"if","locations":[{"start":{"line":300,"column":2},"end":{"line":300,"column":60}},{"start":{},"end":{}}],"line":300},"32":{"loc":{"start":{"line":300,"column":6},"end":{"line":300,"column":51}},"type":"binary-expr","locations":[{"start":{"line":300,"column":6},"end":{"line":300,"column":16}},{"start":{"line":300,"column":20},"end":{"line":300,"column":51}}],"line":300},"33":{"loc":{"start":{"line":331,"column":4},"end":{"line":331,"column":68}},"type":"if","locations":[{"start":{"line":331,"column":4},"end":{"line":331,"column":68}},{"start":{},"end":{}}],"line":331},"34":{"loc":{"start":{"line":335,"column":6},"end":{"line":335,"column":43}},"type":"if","locations":[{"start":{"line":335,"column":6},"end":{"line":335,"column":43}},{"start":{},"end":{}}],"line":335}},"s":{"0":3,"1":3,"2":3,"3":3,"4":3,"5":3,"6":3,"7":3,"8":18,"9":18,"10":18,"11":18,"12":4,"13":3,"14":3,"15":3,"16":3,"17":0,"18":3,"19":3,"20":0,"21":0,"22":0,"23":0,"24":3,"25":0,"26":0,"27":0,"28":3,"29":0,"30":0,"31":0,"32":2,"33":2,"34":2,"35":0,"36":2,"37":0,"38":0,"39":2,"40":2,"41":2,"42":2,"43":2,"44":1,"45":1,"46":1,"47":1,"48":1,"49":0,"50":0,"51":0,"52":0,"53":0,"54":0,"55":0,"56":0,"57":0,"58":0,"59":0,"60":0,"61":0,"62":0,"63":0,"64":0,"65":0,"66":0,"67":0,"68":3,"69":0,"70":0,"71":0,"72":0,"73":0,"74":0,"75":0,"76":0,"77":0,"78":0,"79":0,"80":0,"81":0,"82":0,"83":0,"84":0,"85":0,"86":0,"87":0,"88":0,"89":0,"90":0,"91":0,"92":0,"93":0,"94":0,"95":0,"96":0,"97":0,"98":0,"99":0,"100":0,"101":0,"102":0,"103":113,"104":1,"105":112,"106":112,"107":10,"108":4,"109":2,"110":2,"111":2,"112":5,"113":11,"114":11,"115":3,"116":3,"117":3,"118":0,"119":0,"120":0,"121":0,"122":0,"123":0,"124":0,"125":0,"126":0,"127":0,"128":0,"129":0,"130":0,"131":3},"f":{"0":18,"1":4,"2":3,"3":0,"4":0,"5":0,"6":2,"7":0,"8":2,"9":0,"10":0,"11":0,"12":0,"13":0,"14":0,"15":0,"16":113,"17":4,"18":5,"19":11,"20":0,"21":0},"b":{"0":[3,0],"1":[3,0],"2":[0,0],"3":[0,0],"4":[0,0],"5":[0,0],"6":[0,2],"7":[2,0],"8":[1,1],"9":[1,0],"10":[0,0],"11":[0,0],"12":[0,0],"13":[0,0],"14":[0,0,0],"15":[0,0],"16":[0,0],"17":[0,0],"18":[0,0],"19":[0,0],"20":[0,0],"21":[0,0,0,0],"22":[0,0],"23":[0,0],"24":[0,0],"25":[0,0],"26":[0,0],"27":[0,0,0],"28":[0,0],"29":[1,112],"30":[10,102],"31":[2,2],"32":[4,3],"33":[0,0],"34":[0,0]},"_coverageSchema":"1a1c01bbd47fc00a2c39e90264f33305004495a9","hash":"06e81bbc19a01ccc1d2695b18f477d4bf2f8fc41"}
,"D:\\Claude Code\\mafia-game\\server\\game\\PhaseManager.js": {"path":"D:\\Claude Code\\mafia-game\\server\\game\\PhaseManager.js","statementMap":{"0":{"start":{"line":3,"column":30},"end":{"line":3,"column":50}},"1":{"start":{"line":4,"column":30},"end":{"line":4,"column":55}},"2":{"start":{"line":5,"column":43},"end":{"line":5,"column":64}},"3":{"start":{"line":6,"column":41},"end":{"line":6,"column":59}},"4":{"start":{"line":14,"column":4},"end":{"line":14,"column":38}},"5":{"start":{"line":15,"column":15},"end":{"line":15,"column":35}},"6":{"start":{"line":23,"column":18},"end":{"line":23,"column":35}},"7":{"start":{"line":24,"column":15},"end":{"line":24,"column":19}},"8":{"start":{"line":25,"column":21},"end":{"line":25,"column":25}},"9":{"start":{"line":26,"column":14},"end":{"line":26,"column":18}},"10":{"start":{"line":27,"column":16},"end":{"line":27,"column":20}},"11":{"start":{"line":30,"column":21},"end":{"line":30,"column":23}},"12":{"start":{"line":31,"column":2},"end":{"line":36,"column":5}},"13":{"start":{"line":32,"column":19},"end":{"line":32,"column":60}},"14":{"start":{"line":32,"column":42},"end":{"line":32,"column":59}},"15":{"start":{"line":33,"column":4},"end":{"line":35,"column":5}},"16":{"start":{"line":34,"column":6},"end":{"line":34,"column":71}},"17":{"start":{"line":38,"column":2},"end":{"line":43,"column":3}},"18":{"start":{"line":39,"column":19},"end":{"line":39,"column":73}},"19":{"start":{"line":39,"column":61},"end":{"line":39,"column":72}},"20":{"start":{"line":40,"column":21},"end":{"line":40,"column":33}},"21":{"start":{"line":41,"column":23},"end":{"line":41,"column":81}},"22":{"start":{"line":41,"column":48},"end":{"line":41,"column":62}},"23":{"start":{"line":41,"column":78},"end":{"line":41,"column":80}},"24":{"start":{"line":42,"column":4},"end":{"line":42,"column":71}},"25":{"start":{"line":46,"column":2},"end":{"line":51,"column":5}},"26":{"start":{"line":47,"column":19},"end":{"line":47,"column":60}},"27":{"start":{"line":47,"column":42},"end":{"line":47,"column":59}},"28":{"start":{"line":48,"column":4},"end":{"line":50,"column":5}},"29":{"start":{"line":49,"column":6},"end":{"line":49,"column":35}},"30":{"start":{"line":54,"column":2},"end":{"line":62,"column":5}},"31":{"start":{"line":55,"column":19},"end":{"line":55,"column":60}},"32":{"start":{"line":55,"column":42},"end":{"line":55,"column":59}},"33":{"start":{"line":56,"column":4},"end":{"line":61,"column":5}},"34":{"start":{"line":57,"column":6},"end":{"line":59,"column":7}},"35":{"start":{"line":58,"column":8},"end":{"line":58,"column":30}},"36":{"start":{"line":60,"column":6},"end":{"line":60,"column":44}},"37":{"start":{"line":65,"column":2},"end":{"line":70,"column":5}},"38":{"start":{"line":66,"column":19},"end":{"line":66,"column":60}},"39":{"start":{"line":66,"column":42},"end":{"line":66,"column":59}},"40":{"start":{"line":67,"column":4},"end":{"line":69,"column":5}},"41":{"start":{"line":68,"column":6},"end":{"line":68,"column":63}},"42":{"start":{"line":73,"column":2},"end":{"line":78,"column":3}},"43":{"start":{"line":74,"column":4},"end":{"line":74,"column":28}},"44":{"start":{"line":75,"column":4},"end":{"line":75,"column":18}},"45":{"start":{"line":77,"column":4},"end":{"line":77,"column":26}},"46":{"start":{"line":82,"column":2},"end":{"line":84,"column":3}},"47":{"start":{"line":83,"column":4},"end":{"line":83,"column":26}},"48":{"start":{"line":87,"column":2},"end":{"line":92,"column":3}},"49":{"start":{"line":88,"column":4},"end":{"line":88,"column":33}},"50":{"start":{"line":89,"column":4},"end":{"line":89,"column":29}},"51":{"start":{"line":91,"column":4},"end":{"line":91,"column":27}},"52":{"start":{"line":95,"column":2},"end":{"line":97,"column":3}},"53":{"start":{"line":96,"column":4},"end":{"line":96,"column":39}},"54":{"start":{"line":98,"column":2},"end":{"line":98,"column":39}},"55":{"start":{"line":100,"column":2},"end":{"line":100,"column":29}},"56":{"start":{"line":101,"column":2},"end":{"line":101,"column":25}},"57":{"start":{"line":103,"column":2},"end":{"line":103,"column":66}},"58":{"start":{"line":112,"column":23},"end":{"line":112,"column":44}},"59":{"start":{"line":113,"column":22},"end":{"line":115,"column":3}},"60":{"start":{"line":114,"column":4},"end":{"line":114,"column":140}},"61":{"start":{"line":116,"column":2},"end":{"line":116,"column":69}},"62":{"start":{"line":125,"column":23},"end":{"line":125,"column":44}},"63":{"start":{"line":126,"column":2},"end":{"line":126,"column":63}},"64":{"start":{"line":136,"column":2},"end":{"line":136,"column":30}},"65":{"start":{"line":136,"column":23},"end":{"line":136,"column":30}},"66":{"start":{"line":137,"column":2},"end":{"line":137,"column":25}},"67":{"start":{"line":138,"column":2},"end":{"line":138,"column":56}},"68":{"start":{"line":148,"column":2},"end":{"line":148,"column":26}},"69":{"start":{"line":149,"column":17},"end":{"line":149,"column":42}},"70":{"start":{"line":152,"column":22},"end":{"line":165,"column":3}},"71":{"start":{"line":153,"column":51},"end":{"line":153,"column":73}},"72":{"start":{"line":154,"column":66},"end":{"line":154,"column":88}},"73":{"start":{"line":155,"column":63},"end":{"line":155,"column":91}},"74":{"start":{"line":156,"column":78},"end":{"line":156,"column":106}},"75":{"start":{"line":157,"column":49},"end":{"line":157,"column":70}},"76":{"start":{"line":159,"column":37},"end":{"line":159,"column":67}},"77":{"start":{"line":161,"column":38},"end":{"line":161,"column":68}},"78":{"start":{"line":162,"column":34},"end":{"line":162,"column":64}},"79":{"start":{"line":163,"column":39},"end":{"line":163,"column":69}},"80":{"start":{"line":166,"column":2},"end":{"line":166,"column":59}},"81":{"start":{"line":169,"column":23},"end":{"line":169,"column":46}},"82":{"start":{"line":170,"column":2},"end":{"line":179,"column":3}},"83":{"start":{"line":171,"column":4},"end":{"line":171,"column":25}},"84":{"start":{"line":172,"column":4},"end":{"line":176,"column":7}},"85":{"start":{"line":177,"column":4},"end":{"line":177,"column":139}},"86":{"start":{"line":178,"column":4},"end":{"line":178,"column":11}},"87":{"start":{"line":182,"column":2},"end":{"line":182,"column":21}},"88":{"start":{"line":185,"column":20},"end":{"line":185,"column":49}},"89":{"start":{"line":186,"column":2},"end":{"line":186,"column":91}},"90":{"start":{"line":189,"column":19},"end":{"line":189,"column":36}},"91":{"start":{"line":190,"column":22},"end":{"line":190,"column":91}},"92":{"start":{"line":190,"column":61},"end":{"line":190,"column":83}},"93":{"start":{"line":191,"column":23},"end":{"line":191,"column":104}},"94":{"start":{"line":191,"column":68},"end":{"line":191,"column":96}},"95":{"start":{"line":193,"column":20},"end":{"line":193,"column":56}},"96":{"start":{"line":195,"column":2},"end":{"line":213,"column":3}},"97":{"start":{"line":197,"column":22},"end":{"line":197,"column":63}},"98":{"start":{"line":198,"column":4},"end":{"line":198,"column":186}},"99":{"start":{"line":199,"column":9},"end":{"line":213,"column":3}},"100":{"start":{"line":201,"column":21},"end":{"line":201,"column":62}},"101":{"start":{"line":202,"column":4},"end":{"line":202,"column":71}},"102":{"start":{"line":203,"column":9},"end":{"line":213,"column":3}},"103":{"start":{"line":204,"column":21},"end":{"line":204,"column":62}},"104":{"start":{"line":205,"column":4},"end":{"line":205,"column":71}},"105":{"start":{"line":206,"column":9},"end":{"line":213,"column":3}},"106":{"start":{"line":208,"column":4},"end":{"line":208,"column":144}},"107":{"start":{"line":209,"column":9},"end":{"line":213,"column":3}},"108":{"start":{"line":210,"column":4},"end":{"line":210,"column":43}},"109":{"start":{"line":212,"column":4},"end":{"line":212,"column":41}},"110":{"start":{"line":215,"column":2},"end":{"line":220,"column":5}},"111":{"start":{"line":223,"column":2},"end":{"line":234,"column":3}},"112":{"start":{"line":224,"column":25},"end":{"line":224,"column":79}},"113":{"start":{"line":224,"column":48},"end":{"line":224,"column":78}},"114":{"start":{"line":227,"column":20},"end":{"line":227,"column":53}},"115":{"start":{"line":228,"column":21},"end":{"line":228,"column":55}},"116":{"start":{"line":229,"column":4},"end":{"line":233,"column":7}},"117":{"start":{"line":236,"column":2},"end":{"line":240,"column":7}},"118":{"start":{"line":236,"column":62},"end":{"line":240,"column":3}},"119":{"start":{"line":243,"column":2},"end":{"line":243,"column":27}},"120":{"start":{"line":253,"column":2},"end":{"line":253,"column":26}},"121":{"start":{"line":254,"column":23},"end":{"line":254,"column":44}},"122":{"start":{"line":255,"column":20},"end":{"line":255,"column":22}},"123":{"start":{"line":256,"column":2},"end":{"line":260,"column":5}},"124":{"start":{"line":257,"column":4},"end":{"line":259,"column":5}},"125":{"start":{"line":258,"column":6},"end":{"line":258,"column":59}},"126":{"start":{"line":262,"column":17},"end":{"line":262,"column":18}},"127":{"start":{"line":263,"column":16},"end":{"line":263,"column":20}},"128":{"start":{"line":264,"column":14},"end":{"line":264,"column":19}},"129":{"start":{"line":265,"column":2},"end":{"line":273,"column":5}},"130":{"start":{"line":266,"column":4},"end":{"line":272,"column":5}},"131":{"start":{"line":267,"column":6},"end":{"line":267,"column":23}},"132":{"start":{"line":268,"column":6},"end":{"line":268,"column":25}},"133":{"start":{"line":269,"column":6},"end":{"line":269,"column":20}},"134":{"start":{"line":270,"column":11},"end":{"line":272,"column":5}},"135":{"start":{"line":271,"column":6},"end":{"line":271,"column":19}},"136":{"start":{"line":276,"column":24},"end":{"line":276,"column":81}},"137":{"start":{"line":276,"column":57},"end":{"line":276,"column":73}},"138":{"start":{"line":277,"column":2},"end":{"line":288,"column":3}},"139":{"start":{"line":278,"column":4},"end":{"line":278,"column":34}},"140":{"start":{"line":280,"column":4},"end":{"line":284,"column":7}},"141":{"start":{"line":286,"column":16},"end":{"line":286,"column":95}},"142":{"start":{"line":287,"column":4},"end":{"line":287,"column":40}},"143":{"start":{"line":290,"column":2},"end":{"line":290,"column":18}},"144":{"start":{"line":293,"column":23},"end":{"line":293,"column":46}},"145":{"start":{"line":294,"column":2},"end":{"line":303,"column":3}},"146":{"start":{"line":295,"column":4},"end":{"line":295,"column":25}},"147":{"start":{"line":296,"column":4},"end":{"line":300,"column":7}},"148":{"start":{"line":301,"column":4},"end":{"line":301,"column":138}},"149":{"start":{"line":302,"column":4},"end":{"line":302,"column":11}},"150":{"start":{"line":306,"column":2},"end":{"line":306,"column":23}},"151":{"start":{"line":307,"column":2},"end":{"line":307,"column":15}},"152":{"start":{"line":310,"column":22},"end":{"line":310,"column":53}},"153":{"start":{"line":311,"column":2},"end":{"line":311,"column":93}},"154":{"start":{"line":313,"column":20},"end":{"line":317,"column":3}},"155":{"start":{"line":318,"column":2},"end":{"line":318,"column":48}},"156":{"start":{"line":320,"column":2},"end":{"line":324,"column":7}},"157":{"start":{"line":320,"column":62},"end":{"line":324,"column":3}},"158":{"start":{"line":327,"column":2},"end":{"line":327,"column":27}},"159":{"start":{"line":330,"column":0},"end":{"line":337,"column":2}}},"fnMap":{"0":{"name":"processNightActions","decl":{"start":{"line":22,"column":9},"end":{"line":22,"column":28}},"loc":{"start":{"line":22,"column":35},"end":{"line":104,"column":1}},"line":22},"1":{"name":"(anonymous_1)","decl":{"start":{"line":31,"column":34},"end":{"line":31,"column":35}},"loc":{"start":{"line":31,"column":58},"end":{"line":36,"column":3}},"line":31},"2":{"name":"(anonymous_2)","decl":{"start":{"line":32,"column":37},"end":{"line":32,"column":38}},"loc":{"start":{"line":32,"column":42},"end":{"line":32,"column":59}},"line":32},"3":{"name":"(anonymous_3)","decl":{"start":{"line":39,"column":51},"end":{"line":39,"column":52}},"loc":{"start":{"line":39,"column":61},"end":{"line":39,"column":72}},"line":39},"4":{"name":"(anonymous_4)","decl":{"start":{"line":41,"column":37},"end":{"line":41,"column":38}},"loc":{"start":{"line":41,"column":48},"end":{"line":41,"column":62}},"line":41},"5":{"name":"(anonymous_5)","decl":{"start":{"line":41,"column":68},"end":{"line":41,"column":69}},"loc":{"start":{"line":41,"column":78},"end":{"line":41,"column":80}},"line":41},"6":{"name":"(anonymous_6)","decl":{"start":{"line":46,"column":34},"end":{"line":46,"column":35}},"loc":{"start":{"line":46,"column":58},"end":{"line":51,"column":3}},"line":46},"7":{"name":"(anonymous_7)","decl":{"start":{"line":47,"column":37},"end":{"line":47,"column":38}},"loc":{"start":{"line":47,"column":42},"end":{"line":47,"column":59}},"line":47},"8":{"name":"(anonymous_8)","decl":{"start":{"line":54,"column":34},"end":{"line":54,"column":35}},"loc":{"start":{"line":54,"column":58},"end":{"line":62,"column":3}},"line":54},"9":{"name":"(anonymous_9)","decl":{"start":{"line":55,"column":37},"end":{"line":55,"column":38}},"loc":{"start":{"line":55,"column":42},"end":{"line":55,"column":59}},"line":55},"10":{"name":"(anonymous_10)","decl":{"start":{"line":65,"column":34},"end":{"line":65,"column":35}},"loc":{"start":{"line":65,"column":58},"end":{"line":70,"column":3}},"line":65},"11":{"name":"(anonymous_11)","decl":{"start":{"line":66,"column":37},"end":{"line":66,"column":38}},"loc":{"start":{"line":66,"column":42},"end":{"line":66,"column":59}},"line":66},"12":{"name":"checkNightComplete","decl":{"start":{"line":111,"column":9},"end":{"line":111,"column":27}},"loc":{"start":{"line":111,"column":34},"end":{"line":117,"column":1}},"line":111},"13":{"name":"(anonymous_13)","decl":{"start":{"line":113,"column":42},"end":{"line":113,"column":43}},"loc":{"start":{"line":114,"column":4},"end":{"line":114,"column":140}},"line":114},"14":{"name":"checkVotesComplete","decl":{"start":{"line":124,"column":9},"end":{"line":124,"column":27}},"loc":{"start":{"line":124,"column":34},"end":{"line":127,"column":1}},"line":124},"15":{"name":"notifyNarratorReady","decl":{"start":{"line":135,"column":9},"end":{"line":135,"column":28}},"loc":{"start":{"line":135,"column":46},"end":{"line":139,"column":1}},"line":135},"16":{"name":"transitionToDay","decl":{"start":{"line":147,"column":9},"end":{"line":147,"column":24}},"loc":{"start":{"line":147,"column":55},"end":{"line":244,"column":1}},"line":147},"17":{"name":"(anonymous_17)","decl":{"start":{"line":153,"column":46},"end":{"line":153,"column":47}},"loc":{"start":{"line":153,"column":51},"end":{"line":153,"column":73}},"line":153},"18":{"name":"(anonymous_18)","decl":{"start":{"line":154,"column":61},"end":{"line":154,"column":62}},"loc":{"start":{"line":154,"column":66},"end":{"line":154,"column":88}},"line":154},"19":{"name":"(anonymous_19)","decl":{"start":{"line":155,"column":58},"end":{"line":155,"column":59}},"loc":{"start":{"line":155,"column":63},"end":{"line":155,"column":91}},"line":155},"20":{"name":"(anonymous_20)","decl":{"start":{"line":156,"column":73},"end":{"line":156,"column":74}},"loc":{"start":{"line":156,"column":78},"end":{"line":156,"column":106}},"line":156},"21":{"name":"(anonymous_21)","decl":{"start":{"line":157,"column":44},"end":{"line":157,"column":45}},"loc":{"start":{"line":157,"column":49},"end":{"line":157,"column":70}},"line":157},"22":{"name":"(anonymous_22)","decl":{"start":{"line":159,"column":32},"end":{"line":159,"column":33}},"loc":{"start":{"line":159,"column":37},"end":{"line":159,"column":67}},"line":159},"23":{"name":"(anonymous_23)","decl":{"start":{"line":161,"column":33},"end":{"line":161,"column":34}},"loc":{"start":{"line":161,"column":38},"end":{"line":161,"column":68}},"line":161},"24":{"name":"(anonymous_24)","decl":{"start":{"line":162,"column":29},"end":{"line":162,"column":30}},"loc":{"start":{"line":162,"column":34},"end":{"line":162,"column":64}},"line":162},"25":{"name":"(anonymous_25)","decl":{"start":{"line":163,"column":34},"end":{"line":163,"column":35}},"loc":{"start":{"line":163,"column":39},"end":{"line":163,"column":69}},"line":163},"26":{"name":"(anonymous_26)","decl":{"start":{"line":190,"column":56},"end":{"line":190,"column":57}},"loc":{"start":{"line":190,"column":61},"end":{"line":190,"column":83}},"line":190},"27":{"name":"(anonymous_27)","decl":{"start":{"line":191,"column":63},"end":{"line":191,"column":64}},"loc":{"start":{"line":191,"column":68},"end":{"line":191,"column":96}},"line":191},"28":{"name":"(anonymous_28)","decl":{"start":{"line":224,"column":43},"end":{"line":224,"column":44}},"loc":{"start":{"line":224,"column":48},"end":{"line":224,"column":78}},"line":224},"29":{"name":"(anonymous_29)","decl":{"start":{"line":236,"column":56},"end":{"line":236,"column":57}},"loc":{"start":{"line":236,"column":62},"end":{"line":240,"column":3}},"line":236},"30":{"name":"processVoteResults","decl":{"start":{"line":252,"column":9},"end":{"line":252,"column":27}},"loc":{"start":{"line":252,"column":58},"end":{"line":328,"column":1}},"line":252},"31":{"name":"(anonymous_31)","decl":{"start":{"line":256,"column":36},"end":{"line":256,"column":37}},"loc":{"start":{"line":256,"column":48},"end":{"line":260,"column":3}},"line":256},"32":{"name":"(anonymous_32)","decl":{"start":{"line":265,"column":36},"end":{"line":265,"column":37}},"loc":{"start":{"line":265,"column":59},"end":{"line":273,"column":3}},"line":265},"33":{"name":"(anonymous_33)","decl":{"start":{"line":276,"column":52},"end":{"line":276,"column":53}},"loc":{"start":{"line":276,"column":57},"end":{"line":276,"column":73}},"line":276},"34":{"name":"(anonymous_34)","decl":{"start":{"line":320,"column":56},"end":{"line":320,"column":57}},"loc":{"start":{"line":320,"column":62},"end":{"line":324,"column":3}},"line":320}},"branchMap":{"0":{"loc":{"start":{"line":33,"column":4},"end":{"line":35,"column":5}},"type":"if","locations":[{"start":{"line":33,"column":4},"end":{"line":35,"column":5}},{"start":{},"end":{}}],"line":33},"1":{"loc":{"start":{"line":33,"column":8},"end":{"line":33,"column":59}},"type":"binary-expr","locations":[{"start":{"line":33,"column":8},"end":{"line":33,"column":14}},{"start":{"line":33,"column":18},"end":{"line":33,"column":42}},{"start":{"line":33,"column":46},"end":{"line":33,"column":59}}],"line":33},"2":{"loc":{"start":{"line":34,"column":35},"end":{"line":34,"column":65}},"type":"binary-expr","locations":[{"start":{"line":34,"column":35},"end":{"line":34,"column":60}},{"start":{"line":34,"column":64},"end":{"line":34,"column":65}}],"line":34},"3":{"loc":{"start":{"line":38,"column":2},"end":{"line":43,"column":3}},"type":"if","locations":[{"start":{"line":38,"column":2},"end":{"line":43,"column":3}},{"start":{},"end":{}}],"line":38},"4":{"loc":{"start":{"line":48,"column":4},"end":{"line":50,"column":5}},"type":"if","locations":[{"start":{"line":48,"column":4},"end":{"line":50,"column":5}},{"start":{},"end":{}}],"line":48},"5":{"loc":{"start":{"line":48,"column":8},"end":{"line":48,"column":63}},"type":"binary-expr","locations":[{"start":{"line":48,"column":8},"end":{"line":48,"column":14}},{"start":{"line":48,"column":18},"end":{"line":48,"column":46}},{"start":{"line":48,"column":50},"end":{"line":48,"column":63}}],"line":48},"6":{"loc":{"start":{"line":56,"column":4},"end":{"line":61,"column":5}},"type":"if","locations":[{"start":{"line":56,"column":4},"end":{"line":61,"column":5}},{"start":{},"end":{}}],"line":56},"7":{"loc":{"start":{"line":56,"column":8},"end":{"line":56,"column":63}},"type":"binary-expr","locations":[{"start":{"line":56,"column":8},"end":{"line":56,"column":14}},{"start":{"line":56,"column":18},"end":{"line":56,"column":46}},{"start":{"line":56,"column":50},"end":{"line":56,"column":63}}],"line":56},"8":{"loc":{"start":{"line":57,"column":6},"end":{"line":59,"column":7}},"type":"if","locations":[{"start":{"line":57,"column":6},"end":{"line":59,"column":7}},{"start":{},"end":{}}],"line":57},"9":{"loc":{"start":{"line":67,"column":4},"end":{"line":69,"column":5}},"type":"if","locations":[{"start":{"line":67,"column":4},"end":{"line":69,"column":5}},{"start":{},"end":{}}],"line":67},"10":{"loc":{"start":{"line":67,"column":8},"end":{"line":67,"column":66}},"type":"binary-expr","locations":[{"start":{"line":67,"column":8},"end":{"line":67,"column":14}},{"start":{"line":67,"column":18},"end":{"line":67,"column":49}},{"start":{"line":67,"column":53},"end":{"line":67,"column":66}}],"line":67},"11":{"loc":{"start":{"line":73,"column":2},"end":{"line":78,"column":3}},"type":"if","locations":[{"start":{"line":73,"column":2},"end":{"line":78,"column":3}},{"start":{"line":76,"column":9},"end":{"line":78,"column":3}}],"line":73},"12":{"loc":{"start":{"line":73,"column":6},"end":{"line":73,"column":32}},"type":"binary-expr","locations":[{"start":{"line":73,"column":6},"end":{"line":73,"column":12}},{"start":{"line":73,"column":16},"end":{"line":73,"column":32}}],"line":73},"13":{"loc":{"start":{"line":82,"column":2},"end":{"line":84,"column":3}},"type":"if","locations":[{"start":{"line":82,"column":2},"end":{"line":84,"column":3}},{"start":{},"end":{}}],"line":82},"14":{"loc":{"start":{"line":82,"column":6},"end":{"line":82,"column":53}},"type":"binary-expr","locations":[{"start":{"line":82,"column":6},"end":{"line":82,"column":18}},{"start":{"line":82,"column":22},"end":{"line":82,"column":53}}],"line":82},"15":{"loc":{"start":{"line":87,"column":2},"end":{"line":92,"column":3}},"type":"if","locations":[{"start":{"line":87,"column":2},"end":{"line":92,"column":3}},{"start":{"line":90,"column":9},"end":{"line":92,"column":3}}],"line":87},"16":{"loc":{"start":{"line":95,"column":2},"end":{"line":97,"column":3}},"type":"if","locations":[{"start":{"line":95,"column":2},"end":{"line":97,"column":3}},{"start":{},"end":{}}],"line":95},"17":{"loc":{"start":{"line":95,"column":6},"end":{"line":95,"column":57}},"type":"binary-expr","locations":[{"start":{"line":95,"column":6},"end":{"line":95,"column":18}},{"start":{"line":95,"column":22},"end":{"line":95,"column":57}}],"line":95},"18":{"loc":{"start":{"line":114,"column":4},"end":{"line":114,"column":140}},"type":"binary-expr","locations":[{"start":{"line":114,"column":4},"end":{"line":114,"column":26}},{"start":{"line":114,"column":30},"end":{"line":114,"column":56}},{"start":{"line":114,"column":60},"end":{"line":114,"column":83}},{"start":{"line":114,"column":87},"end":{"line":114,"column":110}},{"start":{"line":114,"column":114},"end":{"line":114,"column":140}}],"line":114},"19":{"loc":{"start":{"line":136,"column":2},"end":{"line":136,"column":30}},"type":"if","locations":[{"start":{"line":136,"column":2},"end":{"line":136,"column":30}},{"start":{},"end":{}}],"line":136},"20":{"loc":{"start":{"line":153,"column":12},"end":{"line":153,"column":87}},"type":"cond-expr","locations":[{"start":{"line":153,"column":28},"end":{"line":153,"column":80}},{"start":{"line":153,"column":83},"end":{"line":153,"column":87}}],"line":153},"21":{"loc":{"start":{"line":154,"column":16},"end":{"line":154,"column":103}},"type":"cond-expr","locations":[{"start":{"line":154,"column":32},"end":{"line":154,"column":96}},{"start":{"line":154,"column":99},"end":{"line":154,"column":103}}],"line":154},"22":{"loc":{"start":{"line":155,"column":18},"end":{"line":155,"column":105}},"type":"cond-expr","locations":[{"start":{"line":155,"column":40},"end":{"line":155,"column":98}},{"start":{"line":155,"column":101},"end":{"line":155,"column":105}}],"line":155},"23":{"loc":{"start":{"line":156,"column":22},"end":{"line":156,"column":121}},"type":"cond-expr","locations":[{"start":{"line":156,"column":44},"end":{"line":156,"column":114}},{"start":{"line":156,"column":117},"end":{"line":156,"column":121}}],"line":156},"24":{"loc":{"start":{"line":157,"column":11},"end":{"line":157,"column":84}},"type":"cond-expr","locations":[{"start":{"line":157,"column":26},"end":{"line":157,"column":77}},{"start":{"line":157,"column":80},"end":{"line":157,"column":84}}],"line":157},"25":{"loc":{"start":{"line":158,"column":13},"end":{"line":164,"column":12}},"type":"cond-expr","locations":[{"start":{"line":158,"column":30},"end":{"line":164,"column":5}},{"start":{"line":164,"column":8},"end":{"line":164,"column":12}}],"line":158},"26":{"loc":{"start":{"line":161,"column":15},"end":{"line":162,"column":91}},"type":"binary-expr","locations":[{"start":{"line":161,"column":15},"end":{"line":161,"column":91}},{"start":{"line":162,"column":11},"end":{"line":162,"column":91}}],"line":161},"27":{"loc":{"start":{"line":170,"column":2},"end":{"line":179,"column":3}},"type":"if","locations":[{"start":{"line":170,"column":2},"end":{"line":179,"column":3}},{"start":{},"end":{}}],"line":170},"28":{"loc":{"start":{"line":190,"column":22},"end":{"line":190,"column":91}},"type":"cond-expr","locations":[{"start":{"line":190,"column":38},"end":{"line":190,"column":84}},{"start":{"line":190,"column":87},"end":{"line":190,"column":91}}],"line":190},"29":{"loc":{"start":{"line":191,"column":23},"end":{"line":191,"column":104}},"type":"cond-expr","locations":[{"start":{"line":191,"column":45},"end":{"line":191,"column":97}},{"start":{"line":191,"column":100},"end":{"line":191,"column":104}}],"line":191},"30":{"loc":{"start":{"line":193,"column":20},"end":{"line":193,"column":56}},"type":"binary-expr","locations":[{"start":{"line":193,"column":20},"end":{"line":193,"column":33}},{"start":{"line":193,"column":37},"end":{"line":193,"column":56}}],"line":193},"31":{"loc":{"start":{"line":195,"column":2},"end":{"line":213,"column":3}},"type":"if","locations":[{"start":{"line":195,"column":2},"end":{"line":213,"column":3}},{"start":{"line":199,"column":9},"end":{"line":213,"column":3}}],"line":195},"32":{"loc":{"start":{"line":195,"column":6},"end":{"line":195,"column":74}},"type":"binary-expr","locations":[{"start":{"line":195,"column":6},"end":{"line":195,"column":17}},{"start":{"line":195,"column":21},"end":{"line":195,"column":33}},{"start":{"line":195,"column":37},"end":{"line":195,"column":74}}],"line":195},"33":{"loc":{"start":{"line":199,"column":9},"end":{"line":213,"column":3}},"type":"if","locations":[{"start":{"line":199,"column":9},"end":{"line":213,"column":3}},{"start":{"line":203,"column":9},"end":{"line":213,"column":3}}],"line":199},"34":{"loc":{"start":{"line":199,"column":13},"end":{"line":199,"column":81}},"type":"binary-expr","locations":[{"start":{"line":199,"column":13},"end":{"line":199,"column":24}},{"start":{"line":199,"column":28},"end":{"line":199,"column":40}},{"start":{"line":199,"column":44},"end":{"line":199,"column":81}}],"line":199},"35":{"loc":{"start":{"line":203,"column":9},"end":{"line":213,"column":3}},"type":"if","locations":[{"start":{"line":203,"column":9},"end":{"line":213,"column":3}},{"start":{"line":206,"column":9},"end":{"line":213,"column":3}}],"line":203},"36":{"loc":{"start":{"line":203,"column":13},"end":{"line":203,"column":41}},"type":"binary-expr","locations":[{"start":{"line":203,"column":13},"end":{"line":203,"column":24}},{"start":{"line":203,"column":28},"end":{"line":203,"column":41}}],"line":203},"37":{"loc":{"start":{"line":206,"column":9},"end":{"line":213,"column":3}},"type":"if","locations":[{"start":{"line":206,"column":9},"end":{"line":213,"column":3}},{"start":{"line":209,"column":9},"end":{"line":213,"column":3}}],"line":206},"38":{"loc":{"start":{"line":206,"column":13},"end":{"line":206,"column":41}},"type":"binary-expr","locations":[{"start":{"line":206,"column":13},"end":{"line":206,"column":25}},{"start":{"line":206,"column":29},"end":{"line":206,"column":41}}],"line":206},"39":{"loc":{"start":{"line":209,"column":9},"end":{"line":213,"column":3}},"type":"if","locations":[{"start":{"line":209,"column":9},"end":{"line":213,"column":3}},{"start":{"line":211,"column":9},"end":{"line":213,"column":3}}],"line":209},"40":{"loc":{"start":{"line":219,"column":12},"end":{"line":219,"column":69}},"type":"cond-expr","locations":[{"start":{"line":219,"column":25},"end":{"line":219,"column":61}},{"start":{"line":219,"column":65},"end":{"line":219,"column":69}}],"line":219},"41":{"loc":{"start":{"line":219,"column":25},"end":{"line":219,"column":61}},"type":"binary-expr","locations":[{"start":{"line":219,"column":25},"end":{"line":219,"column":38}},{"start":{"line":219,"column":42},"end":{"line":219,"column":61}}],"line":219},"42":{"loc":{"start":{"line":223,"column":2},"end":{"line":234,"column":3}},"type":"if","locations":[{"start":{"line":223,"column":2},"end":{"line":234,"column":3}},{"start":{},"end":{}}],"line":223},"43":{"loc":{"start":{"line":223,"column":6},"end":{"line":223,"column":68}},"type":"binary-expr","locations":[{"start":{"line":223,"column":6},"end":{"line":223,"column":20}},{"start":{"line":223,"column":24},"end":{"line":223,"column":68}}],"line":223},"44":{"loc":{"start":{"line":238,"column":10},"end":{"line":238,"column":57}},"type":"cond-expr","locations":[{"start":{"line":238,"column":39},"end":{"line":238,"column":45}},{"start":{"line":238,"column":48},"end":{"line":238,"column":57}}],"line":238},"45":{"loc":{"start":{"line":257,"column":4},"end":{"line":259,"column":5}},"type":"if","locations":[{"start":{"line":257,"column":4},"end":{"line":259,"column":5}},{"start":{},"end":{}}],"line":257},"46":{"loc":{"start":{"line":258,"column":29},"end":{"line":258,"column":53}},"type":"binary-expr","locations":[{"start":{"line":258,"column":29},"end":{"line":258,"column":48}},{"start":{"line":258,"column":52},"end":{"line":258,"column":53}}],"line":258},"47":{"loc":{"start":{"line":266,"column":4},"end":{"line":272,"column":5}},"type":"if","locations":[{"start":{"line":266,"column":4},"end":{"line":272,"column":5}},{"start":{"line":270,"column":11},"end":{"line":272,"column":5}}],"line":266},"48":{"loc":{"start":{"line":270,"column":11},"end":{"line":272,"column":5}},"type":"if","locations":[{"start":{"line":270,"column":11},"end":{"line":272,"column":5}},{"start":{},"end":{}}],"line":270},"49":{"loc":{"start":{"line":270,"column":15},"end":{"line":270,"column":49}},"type":"binary-expr","locations":[{"start":{"line":270,"column":15},"end":{"line":270,"column":33}},{"start":{"line":270,"column":37},"end":{"line":270,"column":49}}],"line":270},"50":{"loc":{"start":{"line":276,"column":24},"end":{"line":276,"column":81}},"type":"cond-expr","locations":[{"start":{"line":276,"column":34},"end":{"line":276,"column":74}},{"start":{"line":276,"column":77},"end":{"line":276,"column":81}}],"line":276},"51":{"loc":{"start":{"line":277,"column":2},"end":{"line":288,"column":3}},"type":"if","locations":[{"start":{"line":277,"column":2},"end":{"line":288,"column":3}},{"start":{"line":285,"column":9},"end":{"line":288,"column":3}}],"line":277},"52":{"loc":{"start":{"line":277,"column":6},"end":{"line":277,"column":78}},"type":"binary-expr","locations":[{"start":{"line":277,"column":6},"end":{"line":277,"column":13}},{"start":{"line":277,"column":17},"end":{"line":277,"column":30}},{"start":{"line":277,"column":34},"end":{"line":277,"column":40}},{"start":{"line":277,"column":44},"end":{"line":277,"column":78}}],"line":277},"53":{"loc":{"start":{"line":294,"column":2},"end":{"line":303,"column":3}},"type":"if","locations":[{"start":{"line":294,"column":2},"end":{"line":303,"column":3}},{"start":{},"end":{}}],"line":294},"54":{"loc":{"start":{"line":322,"column":10},"end":{"line":322,"column":57}},"type":"cond-expr","locations":[{"start":{"line":322,"column":39},"end":{"line":322,"column":45}},{"start":{"line":322,"column":48},"end":{"line":322,"column":57}}],"line":322}},"s":{"0":1,"1":1,"2":1,"3":1,"4":1,"5":1,"6":10,"7":10,"8":10,"9":10,"10":10,"11":10,"12":10,"13":17,"14":29,"15":17,"16":9,"17":10,"18":7,"19":1,"20":7,"21":7,"22":8,"23":7,"24":7,"25":10,"26":17,"27":29,"28":17,"29":3,"30":10,"31":17,"32":29,"33":17,"34":3,"35":2,"36":3,"37":10,"38":17,"39":29,"40":17,"41":1,"42":10,"43":1,"44":1,"45":9,"46":10,"47":0,"48":10,"49":6,"50":6,"51":4,"52":10,"53":2,"54":10,"55":10,"56":10,"57":10,"58":4,"59":4,"60":11,"61":4,"62":3,"63":3,"64":0,"65":0,"66":0,"67":0,"68":0,"69":0,"70":0,"71":0,"72":0,"73":0,"74":0,"75":0,"76":0,"77":0,"78":0,"79":0,"80":0,"81":0,"82":0,"83":0,"84":0,"85":0,"86":0,"87":0,"88":0,"89":0,"90":0,"91":0,"92":0,"93":0,"94":0,"95":0,"96":0,"97":0,"98":0,"99":0,"100":0,"101":0,"102":0,"103":0,"104":0,"105":0,"106":0,"107":0,"108":0,"109":0,"110":0,"111":0,"112":0,"113":0,"114":0,"115":0,"116":0,"117":0,"118":0,"119":0,"120":0,"121":0,"122":0,"123":0,"124":0,"125":0,"126":0,"127":0,"128":0,"129":0,"130":0,"131":0,"132":0,"133":0,"134":0,"135":0,"136":0,"137":0,"138":0,"139":0,"140":0,"141":0,"142":0,"143":0,"144":0,"145":0,"146":0,"147":0,"148":0,"149":0,"150":0,"151":0,"152":0,"153":0,"154":0,"155":0,"156":0,"157":0,"158":0,"159":1},"f":{"0":10,"1":17,"2":29,"3":1,"4":8,"5":7,"6":17,"7":29,"8":17,"9":29,"10":17,"11":29,"12":4,"13":11,"14":3,"15":0,"16":0,"17":0,"18":0,"19":0,"20":0,"21":0,"22":0,"23":0,"24":0,"25":0,"26":0,"27":0,"28":0,"29":0,"30":0,"31":0,"32":0,"33":0,"34":0},"b":{"0":[9,8],"1":[17,17,10],"2":[9,8],"3":[7,3],"4":[3,14],"5":[17,17,3],"6":[3,14],"7":[17,17,3],"8":[2,1],"9":[1,16],"10":[17,17,1],"11":[1,9],"12":[10,7],"13":[0,10],"14":[10,3],"15":[6,4],"16":[2,8],"17":[10,3],"18":[11,7,7,7,5],"19":[0,0],"20":[0,0],"21":[0,0],"22":[0,0],"23":[0,0],"24":[0,0],"25":[0,0],"26":[0,0],"27":[0,0],"28":[0,0],"29":[0,0],"30":[0,0],"31":[0,0],"32":[0,0,0],"33":[0,0],"34":[0,0,0],"35":[0,0],"36":[0,0],"37":[0,0],"38":[0,0],"39":[0,0],"40":[0,0],"41":[0,0],"42":[0,0],"43":[0,0],"44":[0,0],"45":[0,0],"46":[0,0],"47":[0,0],"48":[0,0],"49":[0,0],"50":[0,0],"51":[0,0],"52":[0,0,0,0],"53":[0,0],"54":[0,0]},"_coverageSchema":"1a1c01bbd47fc00a2c39e90264f33305004495a9","hash":"0f9326d8a90f1687c9f8688a59d5b5a17c8af033"}
,"D:\\Claude Code\\mafia-game\\server\\game\\RoleManager.js": {"path":"D:\\Claude Code\\mafia-game\\server\\game\\RoleManager.js","statementMap":{"0":{"start":{"line":3,"column":18},"end":{"line":3,"column":38}},"1":{"start":{"line":11,"column":2},"end":{"line":14,"column":3}},"2":{"start":{"line":11,"column":15},"end":{"line":11,"column":31}},"3":{"start":{"line":12,"column":14},"end":{"line":12,"column":49}},"4":{"start":{"line":13,"column":4},"end":{"line":13,"column":48}},"5":{"start":{"line":15,"column":2},"end":{"line":15,"column":15}},"6":{"start":{"line":25,"column":19},"end":{"line":25,"column":40}},"7":{"start":{"line":27,"column":19},"end":{"line":27,"column":48}},"8":{"start":{"line":28,"column":23},"end":{"line":28,"column":56}},"9":{"start":{"line":29,"column":20},"end":{"line":29,"column":50}},"10":{"start":{"line":30,"column":20},"end":{"line":30,"column":50}},"11":{"start":{"line":31,"column":23},"end":{"line":31,"column":56}},"12":{"start":{"line":34,"column":2},"end":{"line":36,"column":3}},"13":{"start":{"line":35,"column":4},"end":{"line":35,"column":19}},"14":{"start":{"line":35,"column":20},"end":{"line":35,"column":36}},"15":{"start":{"line":35,"column":37},"end":{"line":35,"column":56}},"16":{"start":{"line":39,"column":14},"end":{"line":39,"column":86}},"17":{"start":{"line":40,"column":2},"end":{"line":46,"column":3}},"18":{"start":{"line":41,"column":4},"end":{"line":41,"column":68}},"19":{"start":{"line":41,"column":30},"end":{"line":41,"column":47}},"20":{"start":{"line":41,"column":48},"end":{"line":41,"column":56}},"21":{"start":{"line":41,"column":57},"end":{"line":41,"column":66}},"22":{"start":{"line":42,"column":4},"end":{"line":42,"column":62}},"23":{"start":{"line":42,"column":27},"end":{"line":42,"column":41}},"24":{"start":{"line":42,"column":42},"end":{"line":42,"column":50}},"25":{"start":{"line":42,"column":51},"end":{"line":42,"column":60}},"26":{"start":{"line":43,"column":4},"end":{"line":43,"column":62}},"27":{"start":{"line":43,"column":27},"end":{"line":43,"column":41}},"28":{"start":{"line":43,"column":42},"end":{"line":43,"column":50}},"29":{"start":{"line":43,"column":51},"end":{"line":43,"column":60}},"30":{"start":{"line":44,"column":4},"end":{"line":44,"column":60}},"31":{"start":{"line":44,"column":26},"end":{"line":44,"column":39}},"32":{"start":{"line":44,"column":40},"end":{"line":44,"column":48}},"33":{"start":{"line":44,"column":49},"end":{"line":44,"column":58}},"34":{"start":{"line":45,"column":4},"end":{"line":45,"column":68}},"35":{"start":{"line":45,"column":30},"end":{"line":45,"column":47}},"36":{"start":{"line":45,"column":48},"end":{"line":45,"column":56}},"37":{"start":{"line":45,"column":57},"end":{"line":45,"column":66}},"38":{"start":{"line":48,"column":12},"end":{"line":48,"column":13}},"39":{"start":{"line":49,"column":2},"end":{"line":64,"column":5}},"40":{"start":{"line":50,"column":4},"end":{"line":62,"column":5}},"41":{"start":{"line":51,"column":6},"end":{"line":51,"column":36}},"42":{"start":{"line":52,"column":11},"end":{"line":62,"column":5}},"43":{"start":{"line":53,"column":6},"end":{"line":53,"column":32}},"44":{"start":{"line":54,"column":11},"end":{"line":62,"column":5}},"45":{"start":{"line":55,"column":6},"end":{"line":55,"column":33}},"46":{"start":{"line":56,"column":11},"end":{"line":62,"column":5}},"47":{"start":{"line":57,"column":6},"end":{"line":57,"column":33}},"48":{"start":{"line":58,"column":11},"end":{"line":62,"column":5}},"49":{"start":{"line":59,"column":6},"end":{"line":59,"column":36}},"50":{"start":{"line":61,"column":6},"end":{"line":61,"column":35}},"51":{"start":{"line":63,"column":4},"end":{"line":63,"column":10}},"52":{"start":{"line":66,"column":2},"end":{"line":66,"column":18}},"53":{"start":{"line":69,"column":0},"end":{"line":69,"column":33}}},"fnMap":{"0":{"name":"shuffle","decl":{"start":{"line":10,"column":9},"end":{"line":10,"column":16}},"loc":{"start":{"line":10,"column":24},"end":{"line":16,"column":1}},"line":10},"1":{"name":"assignRoles","decl":{"start":{"line":24,"column":9},"end":{"line":24,"column":20}},"loc":{"start":{"line":24,"column":38},"end":{"line":67,"column":1}},"line":24},"2":{"name":"(anonymous_2)","decl":{"start":{"line":49,"column":19},"end":{"line":49,"column":20}},"loc":{"start":{"line":49,"column":29},"end":{"line":64,"column":3}},"line":49}},"branchMap":{"0":{"loc":{"start":{"line":27,"column":19},"end":{"line":27,"column":48}},"type":"binary-expr","locations":[{"start":{"line":27,"column":20},"end":{"line":27,"column":26}},{"start":{"line":27,"column":30},"end":{"line":27,"column":42}},{"start":{"line":27,"column":47},"end":{"line":27,"column":48}}],"line":27},"1":{"loc":{"start":{"line":28,"column":23},"end":{"line":28,"column":56}},"type":"binary-expr","locations":[{"start":{"line":28,"column":24},"end":{"line":28,"column":30}},{"start":{"line":28,"column":34},"end":{"line":28,"column":50}},{"start":{"line":28,"column":55},"end":{"line":28,"column":56}}],"line":28},"2":{"loc":{"start":{"line":29,"column":20},"end":{"line":29,"column":50}},"type":"binary-expr","locations":[{"start":{"line":29,"column":21},"end":{"line":29,"column":27}},{"start":{"line":29,"column":31},"end":{"line":29,"column":44}},{"start":{"line":29,"column":49},"end":{"line":29,"column":50}}],"line":29},"3":{"loc":{"start":{"line":30,"column":20},"end":{"line":30,"column":50}},"type":"binary-expr","locations":[{"start":{"line":30,"column":21},"end":{"line":30,"column":27}},{"start":{"line":30,"column":31},"end":{"line":30,"column":44}},{"start":{"line":30,"column":49},"end":{"line":30,"column":50}}],"line":30},"4":{"loc":{"start":{"line":31,"column":23},"end":{"line":31,"column":56}},"type":"binary-expr","locations":[{"start":{"line":31,"column":24},"end":{"line":31,"column":30}},{"start":{"line":31,"column":34},"end":{"line":31,"column":50}},{"start":{"line":31,"column":55},"end":{"line":31,"column":56}}],"line":31},"5":{"loc":{"start":{"line":34,"column":2},"end":{"line":36,"column":3}},"type":"if","locations":[{"start":{"line":34,"column":2},"end":{"line":36,"column":3}},{"start":{},"end":{}}],"line":34},"6":{"loc":{"start":{"line":41,"column":4},"end":{"line":41,"column":68}},"type":"if","locations":[{"start":{"line":41,"column":4},"end":{"line":41,"column":68}},{"start":{},"end":{}}],"line":41},"7":{"loc":{"start":{"line":42,"column":4},"end":{"line":42,"column":62}},"type":"if","locations":[{"start":{"line":42,"column":4},"end":{"line":42,"column":62}},{"start":{},"end":{}}],"line":42},"8":{"loc":{"start":{"line":43,"column":4},"end":{"line":43,"column":62}},"type":"if","locations":[{"start":{"line":43,"column":4},"end":{"line":43,"column":62}},{"start":{},"end":{}}],"line":43},"9":{"loc":{"start":{"line":44,"column":4},"end":{"line":44,"column":60}},"type":"if","locations":[{"start":{"line":44,"column":4},"end":{"line":44,"column":60}},{"start":{},"end":{}}],"line":44},"10":{"loc":{"start":{"line":45,"column":4},"end":{"line":45,"column":68}},"type":"if","locations":[{"start":{"line":45,"column":4},"end":{"line":45,"column":68}},{"start":{},"end":{}}],"line":45},"11":{"loc":{"start":{"line":50,"column":4},"end":{"line":62,"column":5}},"type":"if","locations":[{"start":{"line":50,"column":4},"end":{"line":62,"column":5}},{"start":{"line":52,"column":11},"end":{"line":62,"column":5}}],"line":50},"12":{"loc":{"start":{"line":52,"column":11},"end":{"line":62,"column":5}},"type":"if","locations":[{"start":{"line":52,"column":11},"end":{"line":62,"column":5}},{"start":{"line":54,"column":11},"end":{"line":62,"column":5}}],"line":52},"13":{"loc":{"start":{"line":54,"column":11},"end":{"line":62,"column":5}},"type":"if","locations":[{"start":{"line":54,"column":11},"end":{"line":62,"column":5}},{"start":{"line":56,"column":11},"end":{"line":62,"column":5}}],"line":54},"14":{"loc":{"start":{"line":56,"column":11},"end":{"line":62,"column":5}},"type":"if","locations":[{"start":{"line":56,"column":11},"end":{"line":62,"column":5}},{"start":{"line":58,"column":11},"end":{"line":62,"column":5}}],"line":56},"15":{"loc":{"start":{"line":58,"column":11},"end":{"line":62,"column":5}},"type":"if","locations":[{"start":{"line":58,"column":11},"end":{"line":62,"column":5}},{"start":{"line":60,"column":11},"end":{"line":62,"column":5}}],"line":58}},"s":{"0":1,"1":15,"2":15,"3":93,"4":93,"5":15,"6":15,"7":15,"8":15,"9":15,"10":15,"11":15,"12":15,"13":0,"14":0,"15":0,"16":15,"17":15,"18":0,"19":0,"20":0,"21":0,"22":0,"23":0,"24":0,"25":0,"26":0,"27":0,"28":0,"29":0,"30":0,"31":0,"32":0,"33":0,"34":0,"35":0,"36":0,"37":0,"38":15,"39":15,"40":108,"41":0,"42":108,"43":30,"44":78,"45":0,"46":78,"47":13,"48":65,"49":13,"50":52,"51":108,"52":15,"53":1},"f":{"0":15,"1":15,"2":108},"b":{"0":[15,15,0],"1":[15,15,15],"2":[15,15,15],"3":[15,15,2],"4":[15,15,2],"5":[0,15],"6":[0,0],"7":[0,0],"8":[0,0],"9":[0,0],"10":[0,0],"11":[0,108],"12":[30,78],"13":[0,78],"14":[13,65],"15":[13,52]},"_coverageSchema":"1a1c01bbd47fc00a2c39e90264f33305004495a9","hash":"029700c554465fe9abd5519b622b940ae00b53ef"}
,"D:\\Claude Code\\mafia-game\\server\\game\\WinCondition.js": {"path":"D:\\Claude Code\\mafia-game\\server\\game\\WinCondition.js","statementMap":{"0":{"start":{"line":3,"column":18},"end":{"line":3,"column":38}},"1":{"start":{"line":4,"column":62},"end":{"line":4,"column":80}},"2":{"start":{"line":12,"column":23},"end":{"line":12,"column":44}},"3":{"start":{"line":13,"column":21},"end":{"line":13,"column":40}},"4":{"start":{"line":14,"column":22},"end":{"line":14,"column":71}},"5":{"start":{"line":14,"column":47},"end":{"line":14,"column":70}},"6":{"start":{"line":15,"column":25},"end":{"line":15,"column":48}},"7":{"start":{"line":18,"column":2},"end":{"line":20,"column":3}},"8":{"start":{"line":19,"column":4},"end":{"line":19,"column":91}},"9":{"start":{"line":24,"column":2},"end":{"line":26,"column":3}},"10":{"start":{"line":25,"column":4},"end":{"line":25,"column":93}},"11":{"start":{"line":28,"column":2},"end":{"line":36,"column":3}},"12":{"start":{"line":31,"column":4},"end":{"line":34,"column":5}},"13":{"start":{"line":33,"column":6},"end":{"line":33,"column":93}},"14":{"start":{"line":35,"column":4},"end":{"line":35,"column":16}},"15":{"start":{"line":38,"column":2},"end":{"line":44,"column":3}},"16":{"start":{"line":40,"column":4},"end":{"line":42,"column":5}},"17":{"start":{"line":41,"column":6},"end":{"line":41,"column":77}},"18":{"start":{"line":43,"column":4},"end":{"line":43,"column":16}},"19":{"start":{"line":47,"column":2},"end":{"line":50,"column":3}},"20":{"start":{"line":49,"column":4},"end":{"line":49,"column":16}},"21":{"start":{"line":52,"column":2},"end":{"line":54,"column":3}},"22":{"start":{"line":53,"column":4},"end":{"line":53,"column":75}},"23":{"start":{"line":56,"column":2},"end":{"line":56,"column":14}},"24":{"start":{"line":59,"column":0},"end":{"line":59,"column":39}}},"fnMap":{"0":{"name":"checkWinCondition","decl":{"start":{"line":11,"column":9},"end":{"line":11,"column":26}},"loc":{"start":{"line":11,"column":33},"end":{"line":57,"column":1}},"line":11},"1":{"name":"(anonymous_1)","decl":{"start":{"line":14,"column":42},"end":{"line":14,"column":43}},"loc":{"start":{"line":14,"column":47},"end":{"line":14,"column":70}},"line":14}},"branchMap":{"0":{"loc":{"start":{"line":18,"column":2},"end":{"line":20,"column":3}},"type":"if","locations":[{"start":{"line":18,"column":2},"end":{"line":20,"column":3}},{"start":{},"end":{}}],"line":18},"1":{"loc":{"start":{"line":18,"column":6},"end":{"line":18,"column":74}},"type":"binary-expr","locations":[{"start":{"line":18,"column":6},"end":{"line":18,"column":28}},{"start":{"line":18,"column":32},"end":{"line":18,"column":74}}],"line":18},"2":{"loc":{"start":{"line":24,"column":2},"end":{"line":26,"column":3}},"type":"if","locations":[{"start":{"line":24,"column":2},"end":{"line":26,"column":3}},{"start":{},"end":{}}],"line":24},"3":{"loc":{"start":{"line":24,"column":6},"end":{"line":24,"column":57}},"type":"binary-expr","locations":[{"start":{"line":24,"column":6},"end":{"line":24,"column":29}},{"start":{"line":24,"column":33},"end":{"line":24,"column":57}}],"line":24},"4":{"loc":{"start":{"line":28,"column":2},"end":{"line":36,"column":3}},"type":"if","locations":[{"start":{"line":28,"column":2},"end":{"line":36,"column":3}},{"start":{},"end":{}}],"line":28},"5":{"loc":{"start":{"line":28,"column":6},"end":{"line":28,"column":55}},"type":"binary-expr","locations":[{"start":{"line":28,"column":6},"end":{"line":28,"column":29}},{"start":{"line":28,"column":33},"end":{"line":28,"column":55}}],"line":28},"6":{"loc":{"start":{"line":31,"column":4},"end":{"line":34,"column":5}},"type":"if","locations":[{"start":{"line":31,"column":4},"end":{"line":34,"column":5}},{"start":{},"end":{}}],"line":31},"7":{"loc":{"start":{"line":38,"column":2},"end":{"line":44,"column":3}},"type":"if","locations":[{"start":{"line":38,"column":2},"end":{"line":44,"column":3}},{"start":{},"end":{}}],"line":38},"8":{"loc":{"start":{"line":38,"column":6},"end":{"line":38,"column":55}},"type":"binary-expr","locations":[{"start":{"line":38,"column":6},"end":{"line":38,"column":27}},{"start":{"line":38,"column":31},"end":{"line":38,"column":55}}],"line":38},"9":{"loc":{"start":{"line":40,"column":4},"end":{"line":42,"column":5}},"type":"if","locations":[{"start":{"line":40,"column":4},"end":{"line":42,"column":5}},{"start":{},"end":{}}],"line":40},"10":{"loc":{"start":{"line":47,"column":2},"end":{"line":50,"column":3}},"type":"if","locations":[{"start":{"line":47,"column":2},"end":{"line":50,"column":3}},{"start":{},"end":{}}],"line":47},"11":{"loc":{"start":{"line":52,"column":2},"end":{"line":54,"column":3}},"type":"if","locations":[{"start":{"line":52,"column":2},"end":{"line":54,"column":3}},{"start":{},"end":{}}],"line":52}},"s":{"0":2,"1":2,"2":4,"3":4,"4":4,"5":15,"6":4,"7":4,"8":0,"9":4,"10":1,"11":3,"12":0,"13":0,"14":0,"15":3,"16":3,"17":1,"18":2,"19":0,"20":0,"21":0,"22":0,"23":0,"24":2},"f":{"0":4,"1":15},"b":{"0":[0,4],"1":[4,0],"2":[1,3],"3":[4,1],"4":[0,3],"5":[3,0],"6":[0,0],"7":[3,0],"8":[3,3],"9":[1,2],"10":[0,0],"11":[0,0]},"_coverageSchema":"1a1c01bbd47fc00a2c39e90264f33305004495a9","hash":"1cd421551ff959dd65dd40576913f2a061443704"}
,"D:\\Claude Code\\mafia-game\\server\\game\\utils.js": {"path":"D:\\Claude Code\\mafia-game\\server\\game\\utils.js","statementMap":{"0":{"start":{"line":3,"column":18},"end":{"line":3,"column":38}},"1":{"start":{"line":11,"column":2},"end":{"line":11,"column":63}},"2":{"start":{"line":11,"column":34},"end":{"line":11,"column":61}},"3":{"start":{"line":20,"column":2},"end":{"line":20,"column":58}},"4":{"start":{"line":29,"column":2},"end":{"line":29,"column":75}},"5":{"start":{"line":29,"column":34},"end":{"line":29,"column":73}},"6":{"start":{"line":38,"column":2},"end":{"line":38,"column":74}},"7":{"start":{"line":38,"column":34},"end":{"line":38,"column":72}},"8":{"start":{"line":47,"column":2},"end":{"line":47,"column":86}},"9":{"start":{"line":47,"column":34},"end":{"line":47,"column":84}},"10":{"start":{"line":56,"column":2},"end":{"line":56,"column":114}},"11":{"start":{"line":56,"column":34},"end":{"line":56,"column":112}},"12":{"start":{"line":59,"column":0},"end":{"line":59,"column":114}}},"fnMap":{"0":{"name":"getAlivePlayers","decl":{"start":{"line":10,"column":9},"end":{"line":10,"column":24}},"loc":{"start":{"line":10,"column":31},"end":{"line":12,"column":1}},"line":10},"1":{"name":"(anonymous_1)","decl":{"start":{"line":11,"column":29},"end":{"line":11,"column":30}},"loc":{"start":{"line":11,"column":34},"end":{"line":11,"column":61}},"line":11},"2":{"name":"isMafiaRole","decl":{"start":{"line":19,"column":9},"end":{"line":19,"column":20}},"loc":{"start":{"line":19,"column":27},"end":{"line":21,"column":1}},"line":19},"3":{"name":"getAliveHumans","decl":{"start":{"line":28,"column":9},"end":{"line":28,"column":23}},"loc":{"start":{"line":28,"column":30},"end":{"line":30,"column":1}},"line":28},"4":{"name":"(anonymous_4)","decl":{"start":{"line":29,"column":29},"end":{"line":29,"column":30}},"loc":{"start":{"line":29,"column":34},"end":{"line":29,"column":73}},"line":29},"5":{"name":"getAliveBots","decl":{"start":{"line":37,"column":9},"end":{"line":37,"column":21}},"loc":{"start":{"line":37,"column":28},"end":{"line":39,"column":1}},"line":37},"6":{"name":"(anonymous_6)","decl":{"start":{"line":38,"column":29},"end":{"line":38,"column":30}},"loc":{"start":{"line":38,"column":34},"end":{"line":38,"column":72}},"line":38},"7":{"name":"getAliveMafia","decl":{"start":{"line":46,"column":9},"end":{"line":46,"column":22}},"loc":{"start":{"line":46,"column":29},"end":{"line":48,"column":1}},"line":46},"8":{"name":"(anonymous_8)","decl":{"start":{"line":47,"column":29},"end":{"line":47,"column":30}},"loc":{"start":{"line":47,"column":34},"end":{"line":47,"column":84}},"line":47},"9":{"name":"getAliveCivilians","decl":{"start":{"line":55,"column":9},"end":{"line":55,"column":26}},"loc":{"start":{"line":55,"column":33},"end":{"line":57,"column":1}},"line":55},"10":{"name":"(anonymous_10)","decl":{"start":{"line":56,"column":29},"end":{"line":56,"column":30}},"loc":{"start":{"line":56,"column":34},"end":{"line":56,"column":112}},"line":56}},"branchMap":{"0":{"loc":{"start":{"line":20,"column":9},"end":{"line":20,"column":57}},"type":"binary-expr","locations":[{"start":{"line":20,"column":9},"end":{"line":20,"column":29}},{"start":{"line":20,"column":33},"end":{"line":20,"column":57}}],"line":20},"1":{"loc":{"start":{"line":29,"column":34},"end":{"line":29,"column":73}},"type":"binary-expr","locations":[{"start":{"line":29,"column":34},"end":{"line":29,"column":61}},{"start":{"line":29,"column":65},"end":{"line":29,"column":73}}],"line":29},"2":{"loc":{"start":{"line":38,"column":34},"end":{"line":38,"column":72}},"type":"binary-expr","locations":[{"start":{"line":38,"column":34},"end":{"line":38,"column":61}},{"start":{"line":38,"column":65},"end":{"line":38,"column":72}}],"line":38},"3":{"loc":{"start":{"line":47,"column":34},"end":{"line":47,"column":84}},"type":"binary-expr","locations":[{"start":{"line":47,"column":34},"end":{"line":47,"column":61}},{"start":{"line":47,"column":65},"end":{"line":47,"column":84}}],"line":47},"4":{"loc":{"start":{"line":56,"column":34},"end":{"line":56,"column":112}},"type":"binary-expr","locations":[{"start":{"line":56,"column":34},"end":{"line":56,"column":61}},{"start":{"line":56,"column":65},"end":{"line":56,"column":85}},{"start":{"line":56,"column":89},"end":{"line":56,"column":112}}],"line":56}},"s":{"0":3,"1":13,"2":49,"3":69,"4":1,"5":5,"6":1,"7":5,"8":6,"9":28,"10":5,"11":23,"12":3},"f":{"0":13,"1":49,"2":69,"3":1,"4":5,"5":1,"6":5,"7":6,"8":28,"9":5,"10":23},"b":{"0":[69,49],"1":[5,5],"2":[5,5],"3":[28,24],"4":[23,20,14]},"_coverageSchema":"1a1c01bbd47fc00a2c39e90264f33305004495a9","hash":"88107067f3b98140c6b4b749d9cfe2fae0c6db31"}
,"D:\\Claude Code\\mafia-game\\server\\generators\\names.js": {"path":"D:\\Claude Code\\mafia-game\\server\\generators\\names.js","statementMap":{"0":{"start":{"line":3,"column":13},"end":{"line":3,"column":28}},"1":{"start":{"line":4,"column":18},"end":{"line":4,"column":81}},"2":{"start":{"line":12,"column":2},"end":{"line":12,"column":53}},"3":{"start":{"line":21,"column":12},"end":{"line":21,"column":28}},"4":{"start":{"line":22,"column":15},"end":{"line":22,"column":43}},"5":{"start":{"line":23,"column":18},"end":{"line":23,"column":52}},"6":{"start":{"line":24,"column":2},"end":{"line":24,"column":30}},"7":{"start":{"line":32,"column":15},"end":{"line":32,"column":46}},"8":{"start":{"line":33,"column":18},"end":{"line":33,"column":52}},"9":{"start":{"line":34,"column":2},"end":{"line":34,"column":30}},"10":{"start":{"line":43,"column":17},"end":{"line":43,"column":55}},"11":{"start":{"line":44,"column":15},"end":{"line":44,"column":50}},"12":{"start":{"line":45,"column":2},"end":{"line":45,"column":29}},"13":{"start":{"line":53,"column":2},"end":{"line":53,"column":37}},"14":{"start":{"line":62,"column":19},"end":{"line":62,"column":75}},"15":{"start":{"line":63,"column":15},"end":{"line":63,"column":48}},"16":{"start":{"line":64,"column":2},"end":{"line":64,"column":25}},"17":{"start":{"line":73,"column":2},"end":{"line":81,"column":3}},"18":{"start":{"line":75,"column":6},"end":{"line":75,"column":35}},"19":{"start":{"line":77,"column":6},"end":{"line":77,"column":33}},"20":{"start":{"line":80,"column":6},"end":{"line":80,"column":35}},"21":{"start":{"line":84,"column":0},"end":{"line":92,"column":2}}},"fnMap":{"0":{"name":"random","decl":{"start":{"line":11,"column":9},"end":{"line":11,"column":15}},"loc":{"start":{"line":11,"column":21},"end":{"line":13,"column":1}},"line":11},"1":{"name":"generateRussianName","decl":{"start":{"line":20,"column":9},"end":{"line":20,"column":28}},"loc":{"start":{"line":20,"column":37},"end":{"line":25,"column":1}},"line":20},"2":{"name":"generateItalianName","decl":{"start":{"line":31,"column":9},"end":{"line":31,"column":28}},"loc":{"start":{"line":31,"column":31},"end":{"line":35,"column":1}},"line":31},"3":{"name":"generateHeroAlias","decl":{"start":{"line":42,"column":9},"end":{"line":42,"column":26}},"loc":{"start":{"line":42,"column":29},"end":{"line":46,"column":1}},"line":42},"4":{"name":"getRandomCityName","decl":{"start":{"line":52,"column":9},"end":{"line":52,"column":26}},"loc":{"start":{"line":52,"column":29},"end":{"line":54,"column":1}},"line":52},"5":{"name":"generateBotName","decl":{"start":{"line":61,"column":9},"end":{"line":61,"column":24}},"loc":{"start":{"line":61,"column":32},"end":{"line":65,"column":1}},"line":61},"6":{"name":"generateName","decl":{"start":{"line":72,"column":9},"end":{"line":72,"column":21}},"loc":{"start":{"line":72,"column":29},"end":{"line":82,"column":1}},"line":72}},"branchMap":{"0":{"loc":{"start":{"line":21,"column":12},"end":{"line":21,"column":28}},"type":"binary-expr","locations":[{"start":{"line":21,"column":12},"end":{"line":21,"column":18}},{"start":{"line":21,"column":22},"end":{"line":21,"column":28}}],"line":21},"1":{"loc":{"start":{"line":73,"column":2},"end":{"line":81,"column":3}},"type":"switch","locations":[{"start":{"line":74,"column":4},"end":{"line":75,"column":35}},{"start":{"line":76,"column":4},"end":{"line":77,"column":33}},{"start":{"line":78,"column":4},"end":{"line":78,"column":19}},{"start":{"line":79,"column":4},"end":{"line":80,"column":35}}],"line":73}},"s":{"0":1,"1":1,"2":0,"3":0,"4":0,"5":0,"6":0,"7":0,"8":0,"9":0,"10":0,"11":0,"12":0,"13":0,"14":0,"15":0,"16":0,"17":0,"18":0,"19":0,"20":0,"21":1},"f":{"0":0,"1":0,"2":0,"3":0,"4":0,"5":0,"6":0},"b":{"0":[0,0],"1":[0,0,0,0]},"_coverageSchema":"1a1c01bbd47fc00a2c39e90264f33305004495a9","hash":"33213d6fa8eda70e677e02bf91137ba2181ca455"}
,"D:\\Claude Code\\mafia-game\\server\\generators\\scenarios.js": {"path":"D:\\Claude Code\\mafia-game\\server\\generators\\scenarios.js","statementMap":{"0":{"start":{"line":3,"column":19},"end":{"line":3,"column":37}},"1":{"start":{"line":8,"column":18},"end":{"line":24,"column":1}},"2":{"start":{"line":29,"column":21},"end":{"line":40,"column":1}},"3":{"start":{"line":45,"column":19},"end":{"line":54,"column":1}},"4":{"start":{"line":59,"column":24},"end":{"line":65,"column":1}},"5":{"start":{"line":70,"column":22},"end":{"line":75,"column":1}},"6":{"start":{"line":80,"column":16},"end":{"line":89,"column":1}},"7":{"start":{"line":98,"column":15},"end":{"line":98,"column":23}},"8":{"start":{"line":99,"column":2},"end":{"line":102,"column":5}},"9":{"start":{"line":100,"column":4},"end":{"line":100,"column":68}},"10":{"start":{"line":101,"column":4},"end":{"line":101,"column":69}},"11":{"start":{"line":103,"column":2},"end":{"line":103,"column":16}},"12":{"start":{"line":112,"column":19},"end":{"line":112,"column":36}},"13":{"start":{"line":113,"column":16},"end":{"line":113,"column":36}},"14":{"start":{"line":114,"column":19},"end":{"line":114,"column":42}},"15":{"start":{"line":115,"column":2},"end":{"line":115,"column":60}},"16":{"start":{"line":124,"column":19},"end":{"line":124,"column":36}},"17":{"start":{"line":125,"column":24},"end":{"line":125,"column":42}},"18":{"start":{"line":126,"column":16},"end":{"line":126,"column":57}},"19":{"start":{"line":127,"column":19},"end":{"line":127,"column":40}},"20":{"start":{"line":128,"column":2},"end":{"line":128,"column":50}},"21":{"start":{"line":136,"column":2},"end":{"line":136,"column":25}},"22":{"start":{"line":144,"column":21},"end":{"line":144,"column":99}},"23":{"start":{"line":145,"column":16},"end":{"line":145,"column":89}},"24":{"start":{"line":146,"column":2},"end":{"line":146,"column":50}},"25":{"start":{"line":152,"column":23},"end":{"line":159,"column":1}},"26":{"start":{"line":164,"column":23},"end":{"line":169,"column":1}},"27":{"start":{"line":174,"column":33},"end":{"line":179,"column":1}},"28":{"start":{"line":187,"column":19},"end":{"line":187,"column":36}},"29":{"start":{"line":188,"column":18},"end":{"line":188,"column":33}},"30":{"start":{"line":189,"column":19},"end":{"line":189,"column":41}},"31":{"start":{"line":190,"column":2},"end":{"line":190,"column":73}},"32":{"start":{"line":198,"column":19},"end":{"line":198,"column":36}},"33":{"start":{"line":199,"column":19},"end":{"line":199,"column":41}},"34":{"start":{"line":200,"column":2},"end":{"line":200,"column":46}},"35":{"start":{"line":208,"column":2},"end":{"line":208,"column":42}},"36":{"start":{"line":211,"column":0},"end":{"line":224,"column":2}}},"fnMap":{"0":{"name":"fillTemplate","decl":{"start":{"line":97,"column":9},"end":{"line":97,"column":21}},"loc":{"start":{"line":97,"column":38},"end":{"line":104,"column":1}},"line":97},"1":{"name":"(anonymous_1)","decl":{"start":{"line":99,"column":31},"end":{"line":99,"column":32}},"loc":{"start":{"line":99,"column":49},"end":{"line":102,"column":3}},"line":99},"2":{"name":"generateNightFlavor","decl":{"start":{"line":111,"column":9},"end":{"line":111,"column":28}},"loc":{"start":{"line":111,"column":36},"end":{"line":116,"column":1}},"line":111},"3":{"name":"generateDayFlavor","decl":{"start":{"line":123,"column":9},"end":{"line":123,"column":26}},"loc":{"start":{"line":123,"column":34},"end":{"line":129,"column":1}},"line":123},"4":{"name":"generateWeather","decl":{"start":{"line":135,"column":9},"end":{"line":135,"column":24}},"loc":{"start":{"line":135,"column":27},"end":{"line":137,"column":1}},"line":135},"5":{"name":"generateMatchTitle","decl":{"start":{"line":143,"column":9},"end":{"line":143,"column":27}},"loc":{"start":{"line":143,"column":30},"end":{"line":147,"column":1}},"line":143},"6":{"name":"generateKillDescription","decl":{"start":{"line":186,"column":9},"end":{"line":186,"column":32}},"loc":{"start":{"line":186,"column":45},"end":{"line":191,"column":1}},"line":186},"7":{"name":"generateSaveDescription","decl":{"start":{"line":197,"column":9},"end":{"line":197,"column":32}},"loc":{"start":{"line":197,"column":35},"end":{"line":201,"column":1}},"line":197},"8":{"name":"generatePeacefulNight","decl":{"start":{"line":207,"column":9},"end":{"line":207,"column":30}},"loc":{"start":{"line":207,"column":33},"end":{"line":209,"column":1}},"line":207}},"branchMap":{},"s":{"0":1,"1":1,"2":1,"3":1,"4":1,"5":1,"6":1,"7":0,"8":0,"9":0,"10":0,"11":0,"12":0,"13":0,"14":0,"15":0,"16":0,"17":0,"18":0,"19":0,"20":0,"21":0,"22":0,"23":0,"24":0,"25":1,"26":1,"27":1,"28":0,"29":0,"30":0,"31":0,"32":0,"33":0,"34":0,"35":0,"36":1},"f":{"0":0,"1":0,"2":0,"3":0,"4":0,"5":0,"6":0,"7":0,"8":0},"b":{},"_coverageSchema":"1a1c01bbd47fc00a2c39e90264f33305004495a9","hash":"addc9d67b767a215f95d8b23163c4de7a2a74ff8"}
,"D:\\Claude Code\\mafia-game\\server\\socket\\helpers.js": {"path":"D:\\Claude Code\\mafia-game\\server\\socket\\helpers.js","statementMap":{"0":{"start":{"line":3,"column":56},"end":{"line":3,"column":76}},"1":{"start":{"line":4,"column":31},"end":{"line":4,"column":58}},"2":{"start":{"line":5,"column":15},"end":{"line":5,"column":35}},"3":{"start":{"line":11,"column":2},"end":{"line":11,"column":41}},"4":{"start":{"line":11,"column":31},"end":{"line":11,"column":41}},"5":{"start":{"line":12,"column":2},"end":{"line":12,"column":73}},"6":{"start":{"line":19,"column":2},"end":{"line":19,"column":63}},"7":{"start":{"line":19,"column":51},"end":{"line":19,"column":63}},"8":{"start":{"line":20,"column":2},"end":{"line":20,"column":48}},"9":{"start":{"line":20,"column":36},"end":{"line":20,"column":48}},"10":{"start":{"line":21,"column":2},"end":{"line":21,"column":35}},"11":{"start":{"line":29,"column":14},"end":{"line":29,"column":24}},"12":{"start":{"line":30,"column":2},"end":{"line":32,"column":3}},"13":{"start":{"line":31,"column":4},"end":{"line":31,"column":74}},"14":{"start":{"line":33,"column":2},"end":{"line":36,"column":3}},"15":{"start":{"line":34,"column":4},"end":{"line":34,"column":32}},"16":{"start":{"line":35,"column":4},"end":{"line":35,"column":59}},"17":{"start":{"line":37,"column":2},"end":{"line":37,"column":28}},"18":{"start":{"line":38,"column":2},"end":{"line":38,"column":57}},"19":{"start":{"line":45,"column":2},"end":{"line":52,"column":4}},"20":{"start":{"line":46,"column":4},"end":{"line":46,"column":38}},"21":{"start":{"line":46,"column":31},"end":{"line":46,"column":38}},"22":{"start":{"line":47,"column":4},"end":{"line":51,"column":5}},"23":{"start":{"line":48,"column":6},"end":{"line":48,"column":23}},"24":{"start":{"line":50,"column":6},"end":{"line":50,"column":86}},"25":{"start":{"line":61,"column":2},"end":{"line":65,"column":6}},"26":{"start":{"line":61,"column":32},"end":{"line":65,"column":3}},"27":{"start":{"line":74,"column":2},"end":{"line":74,"column":76}},"28":{"start":{"line":74,"column":34},"end":{"line":74,"column":50}},"29":{"start":{"line":77,"column":0},"end":{"line":83,"column":2}}},"fnMap":{"0":{"name":"sanitizeString","decl":{"start":{"line":10,"column":9},"end":{"line":10,"column":23}},"loc":{"start":{"line":10,"column":42},"end":{"line":13,"column":1}},"line":10},"1":{"name":"sanitizeTargetId","decl":{"start":{"line":18,"column":9},"end":{"line":18,"column":25}},"loc":{"start":{"line":18,"column":36},"end":{"line":22,"column":1}},"line":18},"2":{"name":"isRateLimited","decl":{"start":{"line":28,"column":9},"end":{"line":28,"column":22}},"loc":{"start":{"line":28,"column":31},"end":{"line":39,"column":1}},"line":28},"3":{"name":"safeHandler","decl":{"start":{"line":44,"column":9},"end":{"line":44,"column":20}},"loc":{"start":{"line":44,"column":38},"end":{"line":53,"column":1}},"line":44},"4":{"name":"(anonymous_4)","decl":{"start":{"line":45,"column":9},"end":{"line":45,"column":10}},"loc":{"start":{"line":45,"column":22},"end":{"line":52,"column":3}},"line":45},"5":{"name":"playersForClient","decl":{"start":{"line":60,"column":9},"end":{"line":60,"column":25}},"loc":{"start":{"line":60,"column":32},"end":{"line":66,"column":1}},"line":60},"6":{"name":"(anonymous_6)","decl":{"start":{"line":61,"column":26},"end":{"line":61,"column":27}},"loc":{"start":{"line":61,"column":32},"end":{"line":65,"column":3}},"line":61},"7":{"name":"lobbyPlayersForClient","decl":{"start":{"line":73,"column":9},"end":{"line":73,"column":30}},"loc":{"start":{"line":73,"column":37},"end":{"line":75,"column":1}},"line":73},"8":{"name":"(anonymous_8)","decl":{"start":{"line":74,"column":29},"end":{"line":74,"column":30}},"loc":{"start":{"line":74,"column":34},"end":{"line":74,"column":50}},"line":74}},"branchMap":{"0":{"loc":{"start":{"line":10,"column":29},"end":{"line":10,"column":40}},"type":"default-arg","locations":[{"start":{"line":10,"column":38},"end":{"line":10,"column":40}}],"line":10},"1":{"loc":{"start":{"line":11,"column":2},"end":{"line":11,"column":41}},"type":"if","locations":[{"start":{"line":11,"column":2},"end":{"line":11,"column":41}},{"start":{},"end":{}}],"line":11},"2":{"loc":{"start":{"line":19,"column":2},"end":{"line":19,"column":63}},"type":"if","locations":[{"start":{"line":19,"column":2},"end":{"line":19,"column":63}},{"start":{},"end":{}}],"line":19},"3":{"loc":{"start":{"line":19,"column":6},"end":{"line":19,"column":49}},"type":"binary-expr","locations":[{"start":{"line":19,"column":6},"end":{"line":19,"column":23}},{"start":{"line":19,"column":27},"end":{"line":19,"column":49}}],"line":19},"4":{"loc":{"start":{"line":20,"column":2},"end":{"line":20,"column":48}},"type":"if","locations":[{"start":{"line":20,"column":2},"end":{"line":20,"column":48}},{"start":{},"end":{}}],"line":20},"5":{"loc":{"start":{"line":30,"column":2},"end":{"line":32,"column":3}},"type":"if","locations":[{"start":{"line":30,"column":2},"end":{"line":32,"column":3}},{"start":{},"end":{}}],"line":30},"6":{"loc":{"start":{"line":33,"column":2},"end":{"line":36,"column":3}},"type":"if","locations":[{"start":{"line":33,"column":2},"end":{"line":36,"column":3}},{"start":{},"end":{}}],"line":33},"7":{"loc":{"start":{"line":46,"column":4},"end":{"line":46,"column":38}},"type":"if","locations":[{"start":{"line":46,"column":4},"end":{"line":46,"column":38}},{"start":{},"end":{}}],"line":46},"8":{"loc":{"start":{"line":63,"column":10},"end":{"line":63,"column":57}},"type":"cond-expr","locations":[{"start":{"line":63,"column":39},"end":{"line":63,"column":45}},{"start":{"line":63,"column":48},"end":{"line":63,"column":57}}],"line":63}},"s":{"0":1,"1":1,"2":1,"3":8,"4":4,"5":4,"6":6,"7":2,"8":4,"9":2,"10":2,"11":35,"12":35,"13":5,"14":35,"15":1,"16":1,"17":35,"18":35,"19":5,"20":35,"21":2,"22":33,"23":33,"24":1,"25":3,"26":5,"27":2,"28":4,"29":1},"f":{"0":8,"1":6,"2":35,"3":5,"4":35,"5":3,"6":5,"7":2,"8":4},"b":{"0":[7],"1":[4,4],"2":[2,4],"3":[6,5],"4":[2,2],"5":[5,30],"6":[1,34],"7":[2,33],"8":[1,4]},"_coverageSchema":"1a1c01bbd47fc00a2c39e90264f33305004495a9","hash":"d42ea184d607a4603db243453082461f98875717"}
}
