TN:
SF:server\config.js
FNF:0
FNH:0
DA:3,3
DA:73,3
LF:2
LH:2
BRDA:4,0,0,3
BRDA:4,0,1,3
BRF:2
BRH:2
end_of_record
TN:
SF:server\logger.js
FNF:0
FNH:0
DA:3,3
DA:5,3
DA:13,3
LF:3
LH:3
BRDA:6,0,0,3
BRDA:6,0,1,3
BRDA:7,1,0,3
BRDA:7,1,1,0
BRF:4
BRH:3
end_of_record
TN:
SF:server\game\GameRoom.js
FN:25,createRoom
FN:62,getRoom
FN:70,deleteRoom
FN:75,(anonymous_3)
FN:100,getAllRooms
FN:108,touchRoom
FN:118,saveDisconnectedPlayer
FN:128,(anonymous_7)
FN:149,tryReconnect
FN:164,cleanupRooms
FN:168,(anonymous_10)
FN:207,startCleanupTimer
FN:209,(anonymous_12)
FN:218,addRoomTimer
FN:231,checkMassDisconnect
FN:265,resumeGame
FN:283,emitToHost
FN:299,replayNarratorQueue
FN:302,(anonymous_18)
FN:312,stripPrivateFields
FN:328,saveState
FN:341,(anonymous_21)
FNF:22
FNH:9
FNDA:18,createRoom
FNDA:4,getRoom
FNDA:3,deleteRoom
FNDA:0,(anonymous_3)
FNDA:0,getAllRooms
FNDA:0,touchRoom
FNDA:2,saveDisconnectedPlayer
FNDA:0,(anonymous_7)
FNDA:2,tryReconnect
FNDA:0,cleanupRooms
FNDA:0,(anonymous_10)
FNDA:0,startCleanupTimer
FNDA:0,(anonymous_12)
FNDA:0,addRoomTimer
FNDA:0,checkMassDisconnect
FNDA:0,resumeGame
FNDA:113,emitToHost
FNDA:4,replayNarratorQueue
FNDA:5,(anonymous_18)
FNDA:11,stripPrivateFields
FNDA:0,saveState
FNDA:0,(anonymous_21)
DA:3,3
DA:4,3
DA:5,3
DA:6,3
DA:7,3
DA:10,3
DA:14,3
DA:18,3
DA:26,18
DA:27,18
DA:53,18
DA:54,18
DA:63,4
DA:71,3
DA:72,3
DA:74,3
DA:75,3
DA:76,3
DA:79,3
DA:80,0
DA:81,0
DA:82,0
DA:86,3
DA:87,0
DA:88,0
DA:89,0
DA:93,3
DA:101,0
DA:109,0
DA:119,2
DA:122,2
DA:123,2
DA:124,0
DA:128,2
DA:129,0
DA:130,0
DA:133,2
DA:140,2
DA:150,2
DA:151,2
DA:152,2
DA:153,1
DA:154,1
DA:155,1
DA:157,1
DA:165,0
DA:166,0
DA:168,0
DA:169,0
DA:170,0
DA:173,0
DA:174,0
DA:175,0
DA:176,0
DA:180,0
DA:181,0
DA:182,0
DA:183,0
DA:187,0
DA:188,0
DA:189,0
DA:190,0
DA:196,0
DA:202,3
DA:208,0
DA:209,0
DA:219,0
DA:220,0
DA:222,0
DA:232,0
DA:234,0
DA:235,0
DA:238,0
DA:239,0
DA:240,0
DA:241,0
DA:244,0
DA:245,0
DA:246,0
DA:247,0
DA:248,0
DA:252,0
DA:254,0
DA:255,0
DA:257,0
DA:266,0
DA:267,0
DA:268,0
DA:269,0
DA:270,0
DA:271,0
DA:273,0
DA:284,113
DA:285,1
DA:287,112
DA:288,112
DA:289,10
DA:300,4
DA:301,2
DA:302,2
DA:303,5
DA:313,11
DA:314,11
DA:319,3
DA:320,3
DA:321,3
DA:329,0
DA:330,0
DA:331,0
DA:333,0
DA:334,0
DA:335,0
DA:336,0
DA:341,0
DA:349,0
DA:350,0
DA:352,0
DA:356,3
LF:118
LH:50
BRDA:72,0,0,3
BRDA:72,0,1,0
BRDA:74,1,0,3
BRDA:74,1,1,0
BRDA:80,2,0,0
BRDA:80,2,1,0
BRDA:81,3,0,0
BRDA:81,3,1,0
BRDA:87,4,0,0
BRDA:87,4,1,0
BRDA:109,5,0,0
BRDA:109,5,1,0
BRDA:123,6,0,0
BRDA:123,6,1,2
BRDA:123,7,0,2
BRDA:123,7,1,0
BRDA:152,8,0,1
BRDA:152,8,1,1
BRDA:153,9,0,1
BRDA:153,9,1,0
BRDA:169,10,0,0
BRDA:169,10,1,0
BRDA:173,11,0,0
BRDA:173,11,1,0
BRDA:173,12,0,0
BRDA:173,12,1,0
BRDA:180,13,0,0
BRDA:180,13,1,0
BRDA:180,14,0,0
BRDA:180,14,1,0
BRDA:180,14,2,0
BRDA:187,15,0,0
BRDA:187,15,1,0
BRDA:189,16,0,0
BRDA:189,16,1,0
BRDA:208,17,0,0
BRDA:208,17,1,0
BRDA:219,18,0,0
BRDA:219,18,1,0
BRDA:219,19,0,0
BRDA:219,19,1,0
BRDA:232,20,0,0
BRDA:232,20,1,0
BRDA:232,21,0,0
BRDA:232,21,1,0
BRDA:232,21,2,0
BRDA:232,21,3,0
BRDA:235,22,0,0
BRDA:235,22,1,0
BRDA:241,23,0,0
BRDA:241,23,1,0
BRDA:244,24,0,0
BRDA:244,24,1,0
BRDA:247,25,0,0
BRDA:247,25,1,0
BRDA:266,26,0,0
BRDA:266,26,1,0
BRDA:266,27,0,0
BRDA:266,27,1,0
BRDA:266,27,2,0
BRDA:269,28,0,0
BRDA:269,28,1,0
BRDA:284,29,0,1
BRDA:284,29,1,112
BRDA:288,30,0,10
BRDA:288,30,1,102
BRDA:300,31,0,2
BRDA:300,31,1,2
BRDA:300,32,0,4
BRDA:300,32,1,3
BRDA:331,33,0,0
BRDA:331,33,1,0
BRDA:335,34,0,0
BRDA:335,34,1,0
BRF:74
BRH:15
end_of_record
TN:
SF:server\game\PhaseManager.js
FN:22,processNightActions
FN:31,(anonymous_1)
FN:32,(anonymous_2)
FN:39,(anonymous_3)
FN:41,(anonymous_4)
FN:41,(anonymous_5)
FN:46,(anonymous_6)
FN:47,(anonymous_7)
FN:54,(anonymous_8)
FN:55,(anonymous_9)
FN:65,(anonymous_10)
FN:66,(anonymous_11)
FN:111,checkNightComplete
FN:113,(anonymous_13)
FN:124,checkVotesComplete
FN:135,notifyNarratorReady
FN:147,transitionToDay
FN:153,(anonymous_17)
FN:154,(anonymous_18)
FN:155,(anonymous_19)
FN:156,(anonymous_20)
FN:157,(anonymous_21)
FN:159,(anonymous_22)
FN:161,(anonymous_23)
FN:162,(anonymous_24)
FN:163,(anonymous_25)
FN:190,(anonymous_26)
FN:191,(anonymous_27)
FN:224,(anonymous_28)
FN:236,(anonymous_29)
FN:252,processVoteResults
FN:256,(anonymous_31)
FN:265,(anonymous_32)
FN:276,(anonymous_33)
FN:320,(anonymous_34)
FNF:35
FNH:15
FNDA:10,processNightActions
FNDA:17,(anonymous_1)
FNDA:29,(anonymous_2)
FNDA:1,(anonymous_3)
FNDA:8,(anonymous_4)
FNDA:7,(anonymous_5)
FNDA:17,(anonymous_6)
FNDA:29,(anonymous_7)
FNDA:17,(anonymous_8)
FNDA:29,(anonymous_9)
FNDA:17,(anonymous_10)
FNDA:29,(anonymous_11)
FNDA:4,checkNightComplete
FNDA:11,(anonymous_13)
FNDA:3,checkVotesComplete
FNDA:0,notifyNarratorReady
FNDA:0,transitionToDay
FNDA:0,(anonymous_17)
FNDA:0,(anonymous_18)
FNDA:0,(anonymous_19)
FNDA:0,(anonymous_20)
FNDA:0,(anonymous_21)
FNDA:0,(anonymous_22)
FNDA:0,(anonymous_23)
FNDA:0,(anonymous_24)
FNDA:0,(anonymous_25)
FNDA:0,(anonymous_26)
FNDA:0,(anonymous_27)
FNDA:0,(anonymous_28)
FNDA:0,(anonymous_29)
FNDA:0,processVoteResults
FNDA:0,(anonymous_31)
FNDA:0,(anonymous_32)
FNDA:0,(anonymous_33)
FNDA:0,(anonymous_34)
DA:3,1
DA:4,1
DA:5,1
DA:6,1
DA:14,1
DA:15,1
DA:23,10
DA:24,10
DA:25,10
DA:26,10
DA:27,10
DA:30,10
DA:31,10
DA:32,29
DA:33,17
DA:34,9
DA:38,10
DA:39,7
DA:40,7
DA:41,8
DA:42,7
DA:46,10
DA:47,29
DA:48,17
DA:49,3
DA:54,10
DA:55,29
DA:56,17
DA:57,3
DA:58,2
DA:60,3
DA:65,10
DA:66,29
DA:67,17
DA:68,1
DA:73,10
DA:74,1
DA:75,1
DA:77,9
DA:82,10
DA:83,0
DA:87,10
DA:88,6
DA:89,6
DA:91,4
DA:95,10
DA:96,2
DA:98,10
DA:100,10
DA:101,10
DA:103,10
DA:112,4
DA:113,4
DA:114,11
DA:116,4
DA:125,3
DA:126,3
DA:136,0
DA:137,0
DA:138,0
DA:148,0
DA:149,0
DA:152,0
DA:153,0
DA:154,0
DA:155,0
DA:156,0
DA:157,0
DA:159,0
DA:161,0
DA:162,0
DA:163,0
DA:166,0
DA:169,0
DA:170,0
DA:171,0
DA:172,0
DA:177,0
DA:178,0
DA:182,0
DA:185,0
DA:186,0
DA:189,0
DA:190,0
DA:191,0
DA:193,0
DA:195,0
DA:197,0
DA:198,0
DA:199,0
DA:201,0
DA:202,0
DA:203,0
DA:204,0
DA:205,0
DA:206,0
DA:208,0
DA:209,0
DA:210,0
DA:212,0
DA:215,0
DA:223,0
DA:224,0
DA:227,0
DA:228,0
DA:229,0
DA:236,0
DA:243,0
DA:253,0
DA:254,0
DA:255,0
DA:256,0
DA:257,0
DA:258,0
DA:262,0
DA:263,0
DA:264,0
DA:265,0
DA:266,0
DA:267,0
DA:268,0
DA:269,0
DA:270,0
DA:271,0
DA:276,0
DA:277,0
DA:278,0
DA:280,0
DA:286,0
DA:287,0
DA:290,0
DA:293,0
DA:294,0
DA:295,0
DA:296,0
DA:301,0
DA:302,0
DA:306,0
DA:307,0
DA:310,0
DA:311,0
DA:313,0
DA:318,0
DA:320,0
DA:327,0
DA:330,1
LF:146
LH:57
BRDA:33,0,0,9
BRDA:33,0,1,8
BRDA:33,1,0,17
BRDA:33,1,1,17
BRDA:33,1,2,10
BRDA:34,2,0,9
BRDA:34,2,1,8
BRDA:38,3,0,7
BRDA:38,3,1,3
BRDA:48,4,0,3
BRDA:48,4,1,14
BRDA:48,5,0,17
BRDA:48,5,1,17
BRDA:48,5,2,3
BRDA:56,6,0,3
BRDA:56,6,1,14
BRDA:56,7,0,17
BRDA:56,7,1,17
BRDA:56,7,2,3
BRDA:57,8,0,2
BRDA:57,8,1,1
BRDA:67,9,0,1
BRDA:67,9,1,16
BRDA:67,10,0,17
BRDA:67,10,1,17
BRDA:67,10,2,1
BRDA:73,11,0,1
BRDA:73,11,1,9
BRDA:73,12,0,10
BRDA:73,12,1,7
BRDA:82,13,0,0
BRDA:82,13,1,10
BRDA:82,14,0,10
BRDA:82,14,1,3
BRDA:87,15,0,6
BRDA:87,15,1,4
BRDA:95,16,0,2
BRDA:95,16,1,8
BRDA:95,17,0,10
BRDA:95,17,1,3
BRDA:114,18,0,11
BRDA:114,18,1,7
BRDA:114,18,2,7
BRDA:114,18,3,7
BRDA:114,18,4,5
BRDA:136,19,0,0
BRDA:136,19,1,0
BRDA:153,20,0,0
BRDA:153,20,1,0
BRDA:154,21,0,0
BRDA:154,21,1,0
BRDA:155,22,0,0
BRDA:155,22,1,0
BRDA:156,23,0,0
BRDA:156,23,1,0
BRDA:157,24,0,0
BRDA:157,24,1,0
BRDA:158,25,0,0
BRDA:158,25,1,0
BRDA:161,26,0,0
BRDA:161,26,1,0
BRDA:170,27,0,0
BRDA:170,27,1,0
BRDA:190,28,0,0
BRDA:190,28,1,0
BRDA:191,29,0,0
BRDA:191,29,1,0
BRDA:193,30,0,0
BRDA:193,30,1,0
BRDA:195,31,0,0
BRDA:195,31,1,0
BRDA:195,32,0,0
BRDA:195,32,1,0
BRDA:195,32,2,0
BRDA:199,33,0,0
BRDA:199,33,1,0
BRDA:199,34,0,0
BRDA:199,34,1,0
BRDA:199,34,2,0
BRDA:203,35,0,0
BRDA:203,35,1,0
BRDA:203,36,0,0
BRDA:203,36,1,0
BRDA:206,37,0,0
BRDA:206,37,1,0
BRDA:206,38,0,0
BRDA:206,38,1,0
BRDA:209,39,0,0
BRDA:209,39,1,0
BRDA:219,40,0,0
BRDA:219,40,1,0
BRDA:219,41,0,0
BRDA:219,41,1,0
BRDA:223,42,0,0
BRDA:223,42,1,0
BRDA:223,43,0,0
BRDA:223,43,1,0
BRDA:238,44,0,0
BRDA:238,44,1,0
BRDA:257,45,0,0
BRDA:257,45,1,0
BRDA:258,46,0,0
BRDA:258,46,1,0
BRDA:266,47,0,0
BRDA:266,47,1,0
BRDA:270,48,0,0
BRDA:270,48,1,0
BRDA:270,49,0,0
BRDA:270,49,1,0
BRDA:276,50,0,0
BRDA:276,50,1,0
BRDA:277,51,0,0
BRDA:277,51,1,0
BRDA:277,52,0,0
BRDA:277,52,1,0
BRDA:277,52,2,0
BRDA:277,52,3,0
BRDA:294,53,0,0
BRDA:294,53,1,0
BRDA:322,54,0,0
BRDA:322,54,1,0
BRF:121
BRH:44
end_of_record
TN:
SF:server\game\RoleManager.js
FN:10,shuffle
FN:24,assignRoles
FN:49,(anonymous_2)
FNF:3
FNH:3
FNDA:15,shuffle
FNDA:15,assignRoles
FNDA:108,(anonymous_2)
DA:3,1
DA:11,15
DA:12,93
DA:13,93
DA:15,15
DA:25,15
DA:27,15
DA:28,15
DA:29,15
DA:30,15
DA:31,15
DA:34,15
DA:35,0
DA:39,15
DA:40,15
DA:41,0
DA:42,0
DA:43,0
DA:44,0
DA:45,0
DA:48,15
DA:49,15
DA:50,108
DA:51,0
DA:52,108
DA:53,30
DA:54,78
DA:55,0
DA:56,78
DA:57,13
DA:58,65
DA:59,13
DA:61,52
DA:63,108
DA:66,15
DA:69,1
LF:36
LH:28
BRDA:27,0,0,15
BRDA:27,0,1,15
BRDA:27,0,2,0
BRDA:28,1,0,15
BRDA:28,1,1,15
BRDA:28,1,2,15
BRDA:29,2,0,15
BRDA:29,2,1,15
BRDA:29,2,2,15
BRDA:30,3,0,15
BRDA:30,3,1,15
BRDA:30,3,2,2
BRDA:31,4,0,15
BRDA:31,4,1,15
BRDA:31,4,2,2
BRDA:34,5,0,0
BRDA:34,5,1,15
BRDA:41,6,0,0
BRDA:41,6,1,0
BRDA:42,7,0,0
BRDA:42,7,1,0
BRDA:43,8,0,0
BRDA:43,8,1,0
BRDA:44,9,0,0
BRDA:44,9,1,0
BRDA:45,10,0,0
BRDA:45,10,1,0
BRDA:50,11,0,0
BRDA:50,11,1,108
BRDA:52,12,0,30
BRDA:52,12,1,78
BRDA:54,13,0,0
BRDA:54,13,1,78
BRDA:56,14,0,13
BRDA:56,14,1,65
BRDA:58,15,0,13
BRDA:58,15,1,52
BRF:37
BRH:23
end_of_record
TN:
SF:server\game\WinCondition.js
FN:11,checkWinCondition
FN:14,(anonymous_1)
FNF:2
FNH:2
FNDA:4,checkWinCondition
FNDA:15,(anonymous_1)
DA:3,2
DA:4,2
DA:12,4
DA:13,4
DA:14,15
DA:15,4
DA:18,4
DA:19,0
DA:24,4
DA:25,1
DA:28,3
DA:31,0
DA:33,0
DA:35,0
DA:38,3
DA:40,3
DA:41,1
DA:43,2
DA:47,0
DA:49,0
DA:52,0
DA:53,0
DA:56,0
DA:59,2
LF:24
LH:15
BRDA:18,0,0,0
BRDA:18,0,1,4
BRDA:18,1,0,4
BRDA:18,1,1,0
BRDA:24,2,0,1
BRDA:24,2,1,3
BRDA:24,3,0,4
BRDA:24,3,1,1
BRDA:28,4,0,0
BRDA:28,4,1,3
BRDA:28,5,0,3
BRDA:28,5,1,0
BRDA:31,6,0,0
BRDA:31,6,1,0
BRDA:38,7,0,3
BRDA:38,7,1,0
BRDA:38,8,0,3
BRDA:38,8,1,3
BRDA:40,9,0,1
BRDA:40,9,1,2
BRDA:47,10,0,0
BRDA:47,10,1,0
BRDA:52,11,0,0
BRDA:52,11,1,0
BRF:24
BRH:13
end_of_record
TN:
SF:server\game\utils.js
FN:10,getAlivePlayers
FN:11,(anonymous_1)
FN:19,isMafiaRole
FN:28,getAliveHumans
FN:29,(anonymous_4)
FN:37,getAliveBots
FN:38,(anonymous_6)
FN:46,getAliveMafia
FN:47,(anonymous_8)
FN:55,getAliveCivilians
FN:56,(anonymous_10)
FNF:11
FNH:11
FNDA:13,getAlivePlayers
FNDA:49,(anonymous_1)
FNDA:69,isMafiaRole
FNDA:1,getAliveHumans
FNDA:5,(anonymous_4)
FNDA:1,getAliveBots
FNDA:5,(anonymous_6)
FNDA:6,getAliveMafia
FNDA:28,(anonymous_8)
FNDA:5,getAliveCivilians
FNDA:23,(anonymous_10)
DA:3,3
DA:11,49
DA:20,69
DA:29,5
DA:38,5
DA:47,28
DA:56,23
DA:59,3
LF:8
LH:8
BRDA:20,0,0,69
BRDA:20,0,1,49
BRDA:29,1,0,5
BRDA:29,1,1,5
BRDA:38,2,0,5
BRDA:38,2,1,5
BRDA:47,3,0,28
BRDA:47,3,1,24
BRDA:56,4,0,23
BRDA:56,4,1,20
BRDA:56,4,2,14
BRF:11
BRH:11
end_of_record
TN:
SF:server\generators\names.js
FN:11,random
FN:20,generateRussianName
FN:31,generateItalianName
FN:42,generateHeroAlias
FN:52,getRandomCityName
FN:61,generateBotName
FN:72,generateName
FNF:7
FNH:0
FNDA:0,random
FNDA:0,generateRussianName
FNDA:0,generateItalianName
FNDA:0,generateHeroAlias
FNDA:0,getRandomCityName
FNDA:0,generateBotName
FNDA:0,generateName
DA:3,1
DA:4,1
DA:12,0
DA:21,0
DA:22,0
DA:23,0
DA:24,0
DA:32,0
DA:33,0
DA:34,0
DA:43,0
DA:44,0
DA:45,0
DA:53,0
DA:62,0
DA:63,0
DA:64,0
DA:73,0
DA:75,0
DA:77,0
DA:80,0
DA:84,1
LF:22
LH:3
BRDA:21,0,0,0
BRDA:21,0,1,0
BRDA:73,1,0,0
BRDA:73,1,1,0
BRDA:73,1,2,0
BRDA:73,1,3,0
BRF:6
BRH:0
end_of_record
TN:
SF:server\generators\scenarios.js
FN:97,fillTemplate
FN:99,(anonymous_1)
FN:111,generateNightFlavor
FN:123,generateDayFlavor
FN:135,generateWeather
FN:143,generateMatchTitle
FN:186,generateKillDescription
FN:197,generateSaveDescription
FN:207,generatePeacefulNight
FNF:9
FNH:0
FNDA:0,fillTemplate
FNDA:0,(anonymous_1)
FNDA:0,generateNightFlavor
FNDA:0,generateDayFlavor
FNDA:0,generateWeather
FNDA:0,generateMatchTitle
FNDA:0,generateKillDescription
FNDA:0,generateSaveDescription
FNDA:0,generatePeacefulNight
DA:3,1
DA:8,1
DA:29,1
DA:45,1
DA:59,1
DA:70,1
DA:80,1
DA:98,0
DA:99,0
DA:100,0
DA:101,0
DA:103,0
DA:112,0
DA:113,0
DA:114,0
DA:115,0
DA:124,0
DA:125,0
DA:126,0
DA:127,0
DA:128,0
DA:136,0
DA:144,0
DA:145,0
DA:146,0
DA:152,1
DA:164,1
DA:174,1
DA:187,0
DA:188,0
DA:189,0
DA:190,0
DA:198,0
DA:199,0
DA:200,0
DA:208,0
DA:211,1
LF:37
LH:11
BRF:0
BRH:0
end_of_record
TN:
SF:server\socket\helpers.js
FN:10,sanitizeString
FN:18,sanitizeTargetId
FN:28,isRateLimited
FN:44,safeHandler
FN:45,(anonymous_4)
FN:60,playersForClient
FN:61,(anonymous_6)
FN:73,lobbyPlayersForClient
FN:74,(anonymous_8)
FNF:9
FNH:9
FNDA:8,sanitizeString
FNDA:6,sanitizeTargetId
FNDA:35,isRateLimited
FNDA:5,safeHandler
FNDA:35,(anonymous_4)
FNDA:3,playersForClient
FNDA:5,(anonymous_6)
FNDA:2,lobbyPlayersForClient
FNDA:4,(anonymous_8)
DA:3,1
DA:4,1
DA:5,1
DA:11,8
DA:12,4
DA:19,6
DA:20,4
DA:21,2
DA:29,35
DA:30,35
DA:31,5
DA:33,35
DA:34,1
DA:35,1
DA:37,35
DA:38,35
DA:45,5
DA:46,35
DA:47,33
DA:48,33
DA:50,1
DA:61,5
DA:74,4
DA:77,1
LF:24
LH:24
BRDA:10,0,0,7
BRDA:11,1,0,4
BRDA:11,1,1,4
BRDA:19,2,0,2
BRDA:19,2,1,4
BRDA:19,3,0,6
BRDA:19,3,1,5
BRDA:20,4,0,2
BRDA:20,4,1,2
BRDA:30,5,0,5
BRDA:30,5,1,30
BRDA:33,6,0,1
BRDA:33,6,1,34
BRDA:46,7,0,2
BRDA:46,7,1,33
BRDA:63,8,0,1
BRDA:63,8,1,4
BRF:17
BRH:17
end_of_record
